warning: irrefutable `if let` pattern
    --> execution/src/lib.rs:1635:20
     |
1635 |                 if let Task::Seed(_) = op {
     |                    ^^^^^^^^^^^^^^^^^^^^^^
     |
     = note: this pattern will always match, so the `if let` is useless
     = help: consider replacing the `if let` with a `let`
     = note: `#[warn(irrefutable_let_patterns)]` on by default

warning: variable does not need to be mutable
   --> execution/src/casino/blackjack.rs:244:13
    |
244 |         let mut hands = vec![HandState {
    |             ----^^^^^
    |             |
    |             help: remove this `mut`
    |
    = note: `#[warn(unused_mut)]` on by default

warning: variant `Seed` is never constructed
   --> execution/src/lib.rs:208:5
    |
207 | enum Task {
    |      ---- variant in this enum
208 |     Seed(Seed),
    |     ^^^^
    |
    = note: `#[warn(dead_code)]` on by default

warning: field `0` is never read
   --> execution/src/lib.rs:212:10
    |
212 |     Seed(bool),
    |     ---- ^^^^
    |     |
    |     field in this variant
    |
help: consider changing the field to be of unit type to suppress this warning while preserving the field numbering, or remove the field
    |
212 -     Seed(bool),
212 +     Seed(()),
    |

warning: method `delete` is never used
   --> execution/src/lib.rs:253:8
    |
227 | impl<'a, S: State> Layer<'a, S> {
    | ------------------------------- method in this implementation
...
253 |     fn delete(&mut self, key: Key) {
    |        ^^^^^^

warning: constant `SCALE` is never used
 --> execution/src/fixed.rs:3:11
  |
3 | pub const SCALE: i32 = 10000;
  |           ^^^^^

warning: constant `HALF_SCALE` is never used
 --> execution/src/fixed.rs:4:11
  |
4 | pub const HALF_SCALE: i64 = SCALE as i64 / 2;
  |           ^^^^^^^^^^

warning: multiple associated items are never used
  --> execution/src/fixed.rs:12:12
   |
10 | impl Decimal {
   | ------------ associated items in this implementation
11 |     /// Create from an integer value
12 |     pub fn from_int(value: i32) -> Self {
   |            ^^^^^^^^
...
17 |     pub fn from_u16(value: u16) -> Self {
   |            ^^^^^^^^
...
22 |     pub fn from_frac(numerator: i32, denominator: i32) -> Self {
   |            ^^^^^^^^^
...
29 |     pub fn to_int_rounded(self) -> i32 {
   |            ^^^^^^^^^^^^^^
...
38 |     pub fn to_u16_rounded(self) -> u16 {
   |            ^^^^^^^^^^^^^^
...
49 |     pub fn div_int(self, other: i32) -> Self {
   |            ^^^^^^^
...
54 |     pub fn mul(self, other: Self) -> Self {
   |            ^^^
...
59 |     pub fn div(self, other: Self) -> Self {
   |            ^^^

warning: `nullspace-execution` (lib) generated 8 warnings (run `cargo fix --lib -p nullspace-execution` to apply 1 suggestion)
    Finished `dev` profile [unoptimized + debuginfo] target(s) in 0.12s
     Running `target/debug/nullspace-simulator --identity 92b050b6fbe80695b5d56835e978918e37c8707a7fad09a01ae782d4c3170c9baa4c2c196b36eac6b78ceb210b287aeb0727ef1c60e48042142f7bcc8b6382305cd50c5a4542c44ec72a4de6640c194f8ef36bea1dbed168ab6fd8681d910d55`
[2m2025-12-11T21:40:18.109558Z[0m [32m INFO[0m [2mnullspace_simulator[0m[2m:[0m Listening on 0.0.0.0:8080
[2m2025-12-11T21:40:36.810849Z[0m [32m INFO[0m [2mnullspace_simulator[0m[2m:[0m Mempool WebSocket connected
[2m2025-12-11T21:40:46.520222Z[0m [33m WARN[0m [2mnullspace_simulator[0m[2m:[0m Failed to broadcast seed update (no subscribers): channel closed
[2m2025-12-11T21:40:46.529316Z[0m [33m WARN[0m [2mnullspace_simulator[0m[2m:[0m Failed to broadcast events update (no subscribers): channel closed
[2m2025-12-11T21:40:46.683236Z[0m [33m WARN[0m [2mnullspace_simulator[0m[2m:[0m Failed to broadcast seed update (no subscribers): channel closed
[2m2025-12-11T21:40:46.999045Z[0m [33m WARN[0m [2mnullspace_simulator[0m[2m:[0m Failed to broadcast seed update (no subscribers): channel closed
[2m2025-12-11T21:40:47.000544Z[0m [33m WARN[0m [2mnullspace_simulator[0m[2m:[0m Failed to broadcast events update (no subscribers): channel closed
[2m2025-12-11T21:40:47.510818Z[0m [33m WARN[0m [2mnullspace_simulator[0m[2m:[0m Failed to broadcast seed update (no subscribers): channel closed
[2m2025-12-11T21:40:47.512677Z[0m [33m WARN[0m [2mnullspace_simulator[0m[2m:[0m Failed to broadcast events update (no subscribers): channel closed
[2m2025-12-11T21:40:48.032797Z[0m [33m WARN[0m [2mnullspace_simulator[0m[2m:[0m Failed to broadcast seed update (no subscribers): channel closed
[2m2025-12-11T21:40:48.034316Z[0m [33m WARN[0m [2mnullspace_simulator[0m[2m:[0m Failed to broadcast events update (no subscribers): channel closed
[2m2025-12-11T21:40:48.583876Z[0m [33m WARN[0m [2mnullspace_simulator[0m[2m:[0m Failed to broadcast seed update (no subscribers): channel closed
[2m2025-12-11T21:40:48.589326Z[0m [33m WARN[0m [2mnullspace_simulator[0m[2m:[0m Failed to broadcast events update (no subscribers): channel closed
[2m2025-12-11T21:40:49.109129Z[0m [33m WARN[0m [2mnullspace_simulator[0m[2m:[0m Failed to broadcast seed update (no subscribers): channel closed
[2m2025-12-11T21:40:49.111025Z[0m [33m WARN[0m [2mnullspace_simulator[0m[2m:[0m Failed to broadcast events update (no subscribers): channel closed
[2m2025-12-11T21:40:49.518051Z[0m [33m WARN[0m [2mnullspace_simulator[0m[2m:[0m Failed to broadcast seed update (no subscribers): channel closed
[2m2025-12-11T21:40:49.519837Z[0m [33m WARN[0m [2mnullspace_simulator[0m[2m:[0m Failed to broadcast events update (no subscribers): channel closed
[2m2025-12-11T21:40:49.636281Z[0m [33m WARN[0m [2mnullspace_simulator[0m[2m:[0m Failed to broadcast seed update (no subscribers): channel closed
[2m2025-12-11T21:40:49.638049Z[0m [33m WARN[0m [2mnullspace_simulator[0m[2m:[0m Failed to broadcast events update (no subscribers): channel closed
[2m2025-12-11T21:40:50.066787Z[0m [33m WARN[0m [2mnullspace_simulator[0m[2m:[0m Failed to broadcast seed update (no subscribers): channel closed
[2m2025-12-11T21:40:50.068199Z[0m [33m WARN[0m [2mnullspace_simulator[0m[2m:[0m Failed to broadcast events update (no subscribers): channel closed
[2m2025-12-11T21:40:50.514531Z[0m [33m WARN[0m [2mnullspace_simulator[0m[2m:[0m Failed to broadcast seed update (no subscribers): channel closed
[2m2025-12-11T21:40:50.520034Z[0m [33m WARN[0m [2mnullspace_simulator[0m[2m:[0m Failed to broadcast events update (no subscribers): channel closed
[2m2025-12-11T21:40:50.634256Z[0m [33m WARN[0m [2mnullspace_simulator[0m[2m:[0m Failed to broadcast seed update (no subscribers): channel closed
[2m2025-12-11T21:40:50.637292Z[0m [33m WARN[0m [2mnullspace_simulator[0m[2m:[0m Failed to broadcast events update (no subscribers): channel closed
[2m2025-12-11T21:40:51.068014Z[0m [33m WARN[0m [2mnullspace_simulator[0m[2m:[0m Failed to broadcast seed update (no subscribers): channel closed
[2m2025-12-11T21:40:51.070188Z[0m [33m WARN[0m [2mnullspace_simulator[0m[2m:[0m Failed to broadcast events update (no subscribers): channel closed
[2m2025-12-11T21:40:51.505995Z[0m [33m WARN[0m [2mnullspace_simulator[0m[2m:[0m Failed to broadcast seed update (no subscribers): channel closed
[2m2025-12-11T21:40:51.508953Z[0m [33m WARN[0m [2mnullspace_simulator[0m[2m:[0m Failed to broadcast events update (no subscribers): channel closed
[2m2025-12-11T21:40:51.624926Z[0m [33m WARN[0m [2mnullspace_simulator[0m[2m:[0m Failed to broadcast seed update (no subscribers): channel closed
[2m2025-12-11T21:40:51.626425Z[0m [33m WARN[0m [2mnullspace_simulator[0m[2m:[0m Failed to broadcast events update (no subscribers): channel closed
[2m2025-12-11T21:40:52.045276Z[0m [33m WARN[0m [2mnullspace_simulator[0m[2m:[0m Failed to broadcast seed update (no subscribers): channel closed
[2m2025-12-11T21:40:52.046851Z[0m [33m WARN[0m [2mnullspace_simulator[0m[2m:[0m Failed to broadcast events update (no subscribers): channel closed
[2m2025-12-11T21:40:52.609794Z[0m [33m WARN[0m [2mnullspace_simulator[0m[2m:[0m Failed to broadcast seed update (no subscribers): channel closed
[2m2025-12-11T21:40:52.613433Z[0m [33m WARN[0m [2mnullspace_simulator[0m[2m:[0m Failed to broadcast events update (no subscribers): channel closed
[2m2025-12-11T21:40:53.032503Z[0m [33m WARN[0m [2mnullspace_simulator[0m[2m:[0m Failed to broadcast seed update (no subscribers): channel closed
[2m2025-12-11T21:40:53.034595Z[0m [33m WARN[0m [2mnullspace_simulator[0m[2m:[0m Failed to broadcast events update (no subscribers): channel closed
[2m2025-12-11T21:40:53.566818Z[0m [33m WARN[0m [2mnullspace_simulator[0m[2m:[0m Failed to broadcast seed update (no subscribers): channel closed
[2m2025-12-11T21:40:53.568255Z[0m [33m WARN[0m [2mnullspace_simulator[0m[2m:[0m Failed to broadcast events update (no subscribers): channel closed
[2m2025-12-11T21:40:54.079743Z[0m [33m WARN[0m [2mnullspace_simulator[0m[2m:[0m Failed to broadcast seed update (no subscribers): channel closed
[2m2025-12-11T21:40:54.081314Z[0m [33m WARN[0m [2mnullspace_simulator[0m[2m:[0m Failed to broadcast events update (no subscribers): channel closed
[2m2025-12-11T21:40:54.500176Z[0m [33m WARN[0m [2mnullspace_simulator[0m[2m:[0m Failed to broadcast seed update (no subscribers): channel closed
[2m2025-12-11T21:40:54.502017Z[0m [33m WARN[0m [2mnullspace_simulator[0m[2m:[0m Failed to broadcast events update (no subscribers): channel closed
[2m2025-12-11T21:40:54.615782Z[0m [33m WARN[0m [2mnullspace_simulator[0m[2m:[0m Failed to broadcast seed update (no subscribers): channel closed
[2m2025-12-11T21:40:54.618609Z[0m [33m WARN[0m [2mnullspace_simulator[0m[2m:[0m Failed to broadcast events update (no subscribers): channel closed
[2m2025-12-11T21:40:55.044743Z[0m [33m WARN[0m [2mnullspace_simulator[0m[2m:[0m Failed to broadcast seed update (no subscribers): channel closed
[2m2025-12-11T21:40:55.046908Z[0m [33m WARN[0m [2mnullspace_simulator[0m[2m:[0m Failed to broadcast events update (no subscribers): channel closed
[2m2025-12-11T21:40:55.584406Z[0m [33m WARN[0m [2mnullspace_simulator[0m[2m:[0m Failed to broadcast seed update (no subscribers): channel closed
[2m2025-12-11T21:40:55.586287Z[0m [33m WARN[0m [2mnullspace_simulator[0m[2m:[0m Failed to broadcast events update (no subscribers): channel closed
[2m2025-12-11T21:40:56.104004Z[0m [33m WARN[0m [2mnullspace_simulator[0m[2m:[0m Failed to broadcast seed update (no subscribers): channel closed
[2m2025-12-11T21:40:56.106442Z[0m [33m WARN[0m [2mnullspace_simulator[0m[2m:[0m Failed to broadcast events update (no subscribers): channel closed
[2m2025-12-11T21:40:56.525991Z[0m [33m WARN[0m [2mnullspace_simulator[0m[2m:[0m Failed to broadcast seed update (no subscribers): channel closed
[2m2025-12-11T21:40:56.530029Z[0m [33m WARN[0m [2mnullspace_simulator[0m[2m:[0m Failed to broadcast events update (no subscribers): channel closed
[2m2025-12-11T21:40:56.638329Z[0m [33m WARN[0m [2mnullspace_simulator[0m[2m:[0m Failed to broadcast seed update (no subscribers): channel closed
[2m2025-12-11T21:40:56.640029Z[0m [33m WARN[0m [2mnullspace_simulator[0m[2m:[0m Failed to broadcast events update (no subscribers): channel closed
[2m2025-12-11T21:40:57.055104Z[0m [33m WARN[0m [2mnullspace_simulator[0m[2m:[0m Failed to broadcast seed update (no subscribers): channel closed
[2m2025-12-11T21:40:57.056848Z[0m [33m WARN[0m [2mnullspace_simulator[0m[2m:[0m Failed to broadcast events update (no subscribers): channel closed
[2m2025-12-11T21:40:57.591562Z[0m [33m WARN[0m [2mnullspace_simulator[0m[2m:[0m Failed to broadcast seed update (no subscribers): channel closed
[2m2025-12-11T21:40:57.594323Z[0m [33m WARN[0m [2mnullspace_simulator[0m[2m:[0m Failed to broadcast events update (no subscribers): channel closed
[2m2025-12-11T21:40:58.020854Z[0m [33m WARN[0m [2mnullspace_simulator[0m[2m:[0m Failed to broadcast seed update (no subscribers): channel closed
[2m2025-12-11T21:40:58.022546Z[0m [33m WARN[0m [2mnullspace_simulator[0m[2m:[0m Failed to broadcast events update (no subscribers): channel closed
[2m2025-12-11T21:40:58.581928Z[0m [33m WARN[0m [2mnullspace_simulator[0m[2m:[0m Failed to broadcast seed update (no subscribers): channel closed
[2m2025-12-11T21:40:58.583647Z[0m [33m WARN[0m [2mnullspace_simulator[0m[2m:[0m Failed to broadcast events update (no subscribers): channel closed
[2m2025-12-11T21:40:59.009638Z[0m [33m WARN[0m [2mnullspace_simulator[0m[2m:[0m Failed to broadcast seed update (no subscribers): channel closed
[2m2025-12-11T21:40:59.011149Z[0m [33m WARN[0m [2mnullspace_simulator[0m[2m:[0m Failed to broadcast events update (no subscribers): channel closed
[2m2025-12-11T21:40:59.543493Z[0m [33m WARN[0m [2mnullspace_simulator[0m[2m:[0m Failed to broadcast seed update (no subscribers): channel closed
[2m2025-12-11T21:40:59.544936Z[0m [33m WARN[0m [2mnullspace_simulator[0m[2m:[0m Failed to broadcast events update (no subscribers): channel closed
[2m2025-12-11T21:41:00.065961Z[0m [33m WARN[0m [2mnullspace_simulator[0m[2m:[0m Failed to broadcast seed update (no subscribers): channel closed
[2m2025-12-11T21:41:00.067409Z[0m [33m WARN[0m [2mnullspace_simulator[0m[2m:[0m Failed to broadcast events update (no subscribers): channel closed
[2m2025-12-11T21:41:00.597348Z[0m [33m WARN[0m [2mnullspace_simulator[0m[2m:[0m Failed to broadcast seed update (no subscribers): channel closed
[2m2025-12-11T21:41:00.599001Z[0m [33m WARN[0m [2mnullspace_simulator[0m[2m:[0m Failed to broadcast events update (no subscribers): channel closed
[2m2025-12-11T21:41:01.022680Z[0m [33m WARN[0m [2mnullspace_simulator[0m[2m:[0m Failed to broadcast seed update (no subscribers): channel closed
[2m2025-12-11T21:41:01.024312Z[0m [33m WARN[0m [2mnullspace_simulator[0m[2m:[0m Failed to broadcast events update (no subscribers): channel closed
[2m2025-12-11T21:41:01.549256Z[0m [33m WARN[0m [2mnullspace_simulator[0m[2m:[0m Failed to broadcast seed update (no subscribers): channel closed
[2m2025-12-11T21:41:01.551016Z[0m [33m WARN[0m [2mnullspace_simulator[0m[2m:[0m Failed to broadcast events update (no subscribers): channel closed
[2m2025-12-11T21:41:02.076340Z[0m [33m WARN[0m [2mnullspace_simulator[0m[2m:[0m Failed to broadcast seed update (no subscribers): channel closed
[2m2025-12-11T21:41:02.078005Z[0m [33m WARN[0m [2mnullspace_simulator[0m[2m:[0m Failed to broadcast events update (no subscribers): channel closed
[2m2025-12-11T21:41:02.488786Z[0m [33m WARN[0m [2mnullspace_simulator[0m[2m:[0m Failed to broadcast seed update (no subscribers): channel closed
[2m2025-12-11T21:41:02.490287Z[0m [33m WARN[0m [2mnullspace_simulator[0m[2m:[0m Failed to broadcast events update (no subscribers): channel closed
[2m2025-12-11T21:41:02.604605Z[0m [33m WARN[0m [2mnullspace_simulator[0m[2m:[0m Failed to broadcast seed update (no subscribers): channel closed
[2m2025-12-11T21:41:02.607218Z[0m [33m WARN[0m [2mnullspace_simulator[0m[2m:[0m Failed to broadcast events update (no subscribers): channel closed
[2m2025-12-11T21:41:03.024295Z[0m [33m WARN[0m [2mnullspace_simulator[0m[2m:[0m Failed to broadcast seed update (no subscribers): channel closed
[2m2025-12-11T21:41:03.025890Z[0m [33m WARN[0m [2mnullspace_simulator[0m[2m:[0m Failed to broadcast events update (no subscribers): channel closed
[2m2025-12-11T21:41:03.545538Z[0m [33m WARN[0m [2mnullspace_simulator[0m[2m:[0m Failed to broadcast seed update (no subscribers): channel closed
[2m2025-12-11T21:41:03.547311Z[0m [33m WARN[0m [2mnullspace_simulator[0m[2m:[0m Failed to broadcast events update (no subscribers): channel closed
[2m2025-12-11T21:41:04.090196Z[0m [33m WARN[0m [2mnullspace_simulator[0m[2m:[0m Failed to broadcast seed update (no subscribers): channel closed
[2m2025-12-11T21:41:04.092626Z[0m [33m WARN[0m [2mnullspace_simulator[0m[2m:[0m Failed to broadcast events update (no subscribers): channel closed
[2m2025-12-11T21:41:04.503569Z[0m [33m WARN[0m [2mnullspace_simulator[0m[2m:[0m Failed to broadcast seed update (no subscribers): channel closed
[2m2025-12-11T21:41:04.505027Z[0m [33m WARN[0m [2mnullspace_simulator[0m[2m:[0m Failed to broadcast events update (no subscribers): channel closed
[2m2025-12-11T21:41:04.613809Z[0m [33m WARN[0m [2mnullspace_simulator[0m[2m:[0m Failed to broadcast seed update (no subscribers): channel closed
[2m2025-12-11T21:41:04.616000Z[0m [33m WARN[0m [2mnullspace_simulator[0m[2m:[0m Failed to broadcast events update (no subscribers): channel closed
[2m2025-12-11T21:41:05.032353Z[0m [33m WARN[0m [2mnullspace_simulator[0m[2m:[0m Failed to broadcast seed update (no subscribers): channel closed
[2m2025-12-11T21:41:05.033780Z[0m [33m WARN[0m [2mnullspace_simulator[0m[2m:[0m Failed to broadcast events update (no subscribers): channel closed
[2m2025-12-11T21:41:05.556540Z[0m [33m WARN[0m [2mnullspace_simulator[0m[2m:[0m Failed to broadcast seed update (no subscribers): channel closed
[2m2025-12-11T21:41:05.559323Z[0m [33m WARN[0m [2mnullspace_simulator[0m[2m:[0m Failed to broadcast events update (no subscribers): channel closed
[2m2025-12-11T21:41:06.089470Z[0m [33m WARN[0m [2mnullspace_simulator[0m[2m:[0m Failed to broadcast seed update (no subscribers): channel closed
[2m2025-12-11T21:41:06.091625Z[0m [33m WARN[0m [2mnullspace_simulator[0m[2m:[0m Failed to broadcast events update (no subscribers): channel closed
[2m2025-12-11T21:41:06.521121Z[0m [33m WARN[0m [2mnullspace_simulator[0m[2m:[0m Failed to broadcast seed update (no subscribers): channel closed
[2m2025-12-11T21:41:06.522821Z[0m [33m WARN[0m [2mnullspace_simulator[0m[2m:[0m Failed to broadcast events update (no subscribers): channel closed
[2m2025-12-11T21:41:06.640393Z[0m [33m WARN[0m [2mnullspace_simulator[0m[2m:[0m Failed to broadcast seed update (no subscribers): channel closed
[2m2025-12-11T21:41:06.642442Z[0m [33m WARN[0m [2mnullspace_simulator[0m[2m:[0m Failed to broadcast events update (no subscribers): channel closed
[2m2025-12-11T21:41:07.057554Z[0m [33m WARN[0m [2mnullspace_simulator[0m[2m:[0m Failed to broadcast seed update (no subscribers): channel closed
[2m2025-12-11T21:41:07.059248Z[0m [33m WARN[0m [2mnullspace_simulator[0m[2m:[0m Failed to broadcast events update (no subscribers): channel closed
[2m2025-12-11T21:41:07.590981Z[0m [33m WARN[0m [2mnullspace_simulator[0m[2m:[0m Failed to broadcast seed update (no subscribers): channel closed
[2m2025-12-11T21:41:07.592955Z[0m [33m WARN[0m [2mnullspace_simulator[0m[2m:[0m Failed to broadcast events update (no subscribers): channel closed
[2m2025-12-11T21:41:08.011181Z[0m [33m WARN[0m [2mnullspace_simulator[0m[2m:[0m Failed to broadcast seed update (no subscribers): channel closed
[2m2025-12-11T21:41:08.013180Z[0m [33m WARN[0m [2mnullspace_simulator[0m[2m:[0m Failed to broadcast events update (no subscribers): channel closed
[2m2025-12-11T21:41:08.541496Z[0m [33m WARN[0m [2mnullspace_simulator[0m[2m:[0m Failed to broadcast seed update (no subscribers): channel closed
[2m2025-12-11T21:41:08.543652Z[0m [33m WARN[0m [2mnullspace_simulator[0m[2m:[0m Failed to broadcast events update (no subscribers): channel closed
[2m2025-12-11T21:41:09.076939Z[0m [33m WARN[0m [2mnullspace_simulator[0m[2m:[0m Failed to broadcast seed update (no subscribers): channel closed
[2m2025-12-11T21:41:09.078950Z[0m [33m WARN[0m [2mnullspace_simulator[0m[2m:[0m Failed to broadcast events update (no subscribers): channel closed
[2m2025-12-11T21:41:09.598610Z[0m [33m WARN[0m [2mnullspace_simulator[0m[2m:[0m Failed to broadcast seed update (no subscribers): channel closed
[2m2025-12-11T21:41:09.600098Z[0m [33m WARN[0m [2mnullspace_simulator[0m[2m:[0m Failed to broadcast events update (no subscribers): channel closed
[2m2025-12-11T21:41:10.010920Z[0m [33m WARN[0m [2mnullspace_simulator[0m[2m:[0m Failed to broadcast seed update (no subscribers): channel closed
[2m2025-12-11T21:41:10.012356Z[0m [33m WARN[0m [2mnullspace_simulator[0m[2m:[0m Failed to broadcast events update (no subscribers): channel closed
[2m2025-12-11T21:41:10.524685Z[0m [33m WARN[0m [2mnullspace_simulator[0m[2m:[0m Failed to broadcast seed update (no subscribers): channel closed
[2m2025-12-11T21:41:10.525964Z[0m [33m WARN[0m [2mnullspace_simulator[0m[2m:[0m Failed to broadcast events update (no subscribers): channel closed
[2m2025-12-11T21:41:10.634024Z[0m [33m WARN[0m [2mnullspace_simulator[0m[2m:[0m Failed to broadcast seed update (no subscribers): channel closed
[2m2025-12-11T21:41:10.635934Z[0m [33m WARN[0m [2mnullspace_simulator[0m[2m:[0m Failed to broadcast events update (no subscribers): channel closed
[2m2025-12-11T21:41:11.066386Z[0m [33m WARN[0m [2mnullspace_simulator[0m[2m:[0m Failed to broadcast seed update (no subscribers): channel closed
[2m2025-12-11T21:41:11.068930Z[0m [33m WARN[0m [2mnullspace_simulator[0m[2m:[0m Failed to broadcast events update (no subscribers): channel closed
[2m2025-12-11T21:41:11.590566Z[0m [33m WARN[0m [2mnullspace_simulator[0m[2m:[0m Failed to broadcast seed update (no subscribers): channel closed
[2m2025-12-11T21:41:11.593413Z[0m [33m WARN[0m [2mnullspace_simulator[0m[2m:[0m Failed to broadcast events update (no subscribers): channel closed
[2m2025-12-11T21:41:12.012460Z[0m [33m WARN[0m [2mnullspace_simulator[0m[2m:[0m Failed to broadcast seed update (no subscribers): channel closed
[2m2025-12-11T21:41:12.014260Z[0m [33m WARN[0m [2mnullspace_simulator[0m[2m:[0m Failed to broadcast events update (no subscribers): channel closed
[2m2025-12-11T21:41:12.524331Z[0m [33m WARN[0m [2mnullspace_simulator[0m[2m:[0m Failed to broadcast seed update (no subscribers): channel closed
[2m2025-12-11T21:41:12.526047Z[0m [33m WARN[0m [2mnullspace_simulator[0m[2m:[0m Failed to broadcast events update (no subscribers): channel closed
[2m2025-12-11T21:41:12.633527Z[0m [33m WARN[0m [2mnullspace_simulator[0m[2m:[0m Failed to broadcast seed update (no subscribers): channel closed
[2m2025-12-11T21:41:12.636315Z[0m [33m WARN[0m [2mnullspace_simulator[0m[2m:[0m Failed to broadcast events update (no subscribers): channel closed
[2m2025-12-11T21:41:13.056861Z[0m [33m WARN[0m [2mnullspace_simulator[0m[2m:[0m Failed to broadcast seed update (no subscribers): channel closed
[2m2025-12-11T21:41:13.059347Z[0m [33m WARN[0m [2mnullspace_simulator[0m[2m:[0m Failed to broadcast events update (no subscribers): channel closed
[2m2025-12-11T21:41:13.584397Z[0m [33m WARN[0m [2mnullspace_simulator[0m[2m:[0m Failed to broadcast seed update (no subscribers): channel closed
[2m2025-12-11T21:41:13.588701Z[0m [33m WARN[0m [2mnullspace_simulator[0m[2m:[0m Failed to broadcast events update (no subscribers): channel closed
[2m2025-12-11T21:41:14.010832Z[0m [33m WARN[0m [2mnullspace_simulator[0m[2m:[0m Failed to broadcast seed update (no subscribers): channel closed
[2m2025-12-11T21:41:14.012488Z[0m [33m WARN[0m [2mnullspace_simulator[0m[2m:[0m Failed to broadcast events update (no subscribers): channel closed
[2m2025-12-11T21:41:14.538463Z[0m [33m WARN[0m [2mnullspace_simulator[0m[2m:[0m Failed to broadcast seed update (no subscribers): channel closed
[2m2025-12-11T21:41:14.541382Z[0m [33m WARN[0m [2mnullspace_simulator[0m[2m:[0m Failed to broadcast events update (no subscribers): channel closed
[2m2025-12-11T21:41:15.057827Z[0m [33m WARN[0m [2mnullspace_simulator[0m[2m:[0m Failed to broadcast seed update (no subscribers): channel closed
[2m2025-12-11T21:41:15.060165Z[0m [33m WARN[0m [2mnullspace_simulator[0m[2m:[0m Failed to broadcast events update (no subscribers): channel closed
[2m2025-12-11T21:41:15.600302Z[0m [33m WARN[0m [2mnullspace_simulator[0m[2m:[0m Failed to broadcast seed update (no subscribers): channel closed
[2m2025-12-11T21:41:15.601859Z[0m [33m WARN[0m [2mnullspace_simulator[0m[2m:[0m Failed to broadcast events update (no subscribers): channel closed
[2m2025-12-11T21:41:16.012895Z[0m [33m WARN[0m [2mnullspace_simulator[0m[2m:[0m Failed to broadcast seed update (no subscribers): channel closed
[2m2025-12-11T21:41:16.015397Z[0m [33m WARN[0m [2mnullspace_simulator[0m[2m:[0m Failed to broadcast events update (no subscribers): channel closed
[2m2025-12-11T21:41:16.540045Z[0m [33m WARN[0m [2mnullspace_simulator[0m[2m:[0m Failed to broadcast seed update (no subscribers): channel closed
[2m2025-12-11T21:41:16.543107Z[0m [33m WARN[0m [2mnullspace_simulator[0m[2m:[0m Failed to broadcast events update (no subscribers): channel closed
[2m2025-12-11T21:41:18.554639Z[0m [33m WARN[0m [2mnullspace_simulator[0m[2m:[0m Failed to broadcast seed update (no subscribers): channel closed
[2m2025-12-11T21:41:18.557146Z[0m [33m WARN[0m [2mnullspace_simulator[0m[2m:[0m Failed to broadcast events update (no subscribers): channel closed
[2m2025-12-11T21:59:19.077533Z[0m [32m INFO[0m [2mnullspace_simulator[0m[2m:[0m Updates WebSocket connected, filter: 00
[2m2025-12-11T21:59:19.077592Z[0m [32m INFO[0m [2mnullspace_simulator[0m[2m:[0m UpdatesFilter parsed successfully: All
[2m2025-12-11T21:59:19.152143Z[0m [32m INFO[0m [2mnullspace_simulator[0m[2m:[0m Sending update to WebSocket client
[2m2025-12-11T21:59:19.281564Z[0m [32m INFO[0m [2mnullspace_simulator[0m[2m:[0m Sending update to WebSocket client
[2m2025-12-11T21:59:19.290401Z[0m [32m INFO[0m [2mnullspace_simulator[0m[2m:[0m Sending update to WebSocket client
[2m2025-12-11T21:59:19.614570Z[0m [32m INFO[0m [2mnullspace_simulator[0m[2m:[0m Sending update to WebSocket client
[2m2025-12-11T21:59:19.616623Z[0m [32m INFO[0m [2mnullspace_simulator[0m[2m:[0m Sending update to WebSocket client
[2m2025-12-11T21:59:20.126267Z[0m [32m INFO[0m [2mnullspace_simulator[0m[2m:[0m Sending update to WebSocket client
[2m2025-12-11T21:59:20.127958Z[0m [32m INFO[0m [2mnullspace_simulator[0m[2m:[0m Sending update to WebSocket client
[2m2025-12-11T21:59:20.660132Z[0m [32m INFO[0m [2mnullspace_simulator[0m[2m:[0m Sending update to WebSocket client
[2m2025-12-11T21:59:20.662580Z[0m [32m INFO[0m [2mnullspace_simulator[0m[2m:[0m Sending update to WebSocket client
[2m2025-12-11T21:59:21.145987Z[0m [32m INFO[0m [2mnullspace_simulator[0m[2m:[0m Sending update to WebSocket client
[2m2025-12-11T21:59:21.153207Z[0m [32m INFO[0m [2mnullspace_simulator[0m[2m:[0m Sending update to WebSocket client
[2m2025-12-11T21:59:21.673839Z[0m [32m INFO[0m [2mnullspace_simulator[0m[2m:[0m Sending update to WebSocket client
[2m2025-12-11T21:59:21.676742Z[0m [32m INFO[0m [2mnullspace_simulator[0m[2m:[0m Sending update to WebSocket client
[2m2025-12-11T21:59:22.108470Z[0m [32m INFO[0m [2mnullspace_simulator[0m[2m:[0m Sending update to WebSocket client
[2m2025-12-11T21:59:22.110723Z[0m [32m INFO[0m [2mnullspace_simulator[0m[2m:[0m Sending update to WebSocket client
[2m2025-12-11T21:59:22.659881Z[0m [32m INFO[0m [2mnullspace_simulator[0m[2m:[0m Sending update to WebSocket client
[2m2025-12-11T21:59:22.661720Z[0m [32m INFO[0m [2mnullspace_simulator[0m[2m:[0m Sending update to WebSocket client
[2m2025-12-11T21:59:23.094442Z[0m [32m INFO[0m [2mnullspace_simulator[0m[2m:[0m Sending update to WebSocket client
[2m2025-12-11T21:59:23.096857Z[0m [32m INFO[0m [2mnullspace_simulator[0m[2m:[0m Sending update to WebSocket client
[2m2025-12-11T21:59:23.224717Z[0m [32m INFO[0m [2mnullspace_simulator[0m[2m:[0m Sending update to WebSocket client
[2m2025-12-11T21:59:23.230002Z[0m [32m INFO[0m [2mnullspace_simulator[0m[2m:[0m Sending update to WebSocket client
[2m2025-12-11T21:59:23.647813Z[0m [32m INFO[0m [2mnullspace_simulator[0m[2m:[0m Sending update to WebSocket client
[2m2025-12-11T21:59:23.650475Z[0m [32m INFO[0m [2mnullspace_simulator[0m[2m:[0m Sending update to WebSocket client
[2m2025-12-11T21:59:24.084969Z[0m [32m INFO[0m [2mnullspace_simulator[0m[2m:[0m Sending update to WebSocket client
[2m2025-12-11T21:59:24.089215Z[0m [32m INFO[0m [2mnullspace_simulator[0m[2m:[0m Sending update to WebSocket client
[2m2025-12-11T21:59:24.090185Z[0m [33m WARN[0m [2mnullspace_simulator[0m[2m:[0m WebSocket error: Error { inner: Protocol(ResetWithoutClosingHandshake) }
[2m2025-12-11T21:59:24.090213Z[0m [32m INFO[0m [2mnullspace_simulator[0m[2m:[0m Updates WebSocket handler exiting
[2m2025-12-11T21:59:24.199991Z[0m [33m WARN[0m [2mnullspace_simulator[0m[2m:[0m Failed to broadcast seed update (no subscribers): channel closed
[2m2025-12-11T21:59:24.201870Z[0m [33m WARN[0m [2mnullspace_simulator[0m[2m:[0m Failed to broadcast events update (no subscribers): channel closed
[2m2025-12-11T21:59:25.170258Z[0m [33m WARN[0m [2mnullspace_simulator[0m[2m:[0m Failed to broadcast seed update (no subscribers): channel closed
[2m2025-12-11T21:59:25.174694Z[0m [33m WARN[0m [2mnullspace_simulator[0m[2m:[0m Failed to broadcast events update (no subscribers): channel closed
[2m2025-12-11T21:59:27.145213Z[0m [33m WARN[0m [2mnullspace_simulator[0m[2m:[0m Failed to broadcast seed update (no subscribers): channel closed
[2m2025-12-11T21:59:27.146992Z[0m [33m WARN[0m [2mnullspace_simulator[0m[2m:[0m Failed to broadcast events update (no subscribers): channel closed
[2m2025-12-11T21:59:29.138954Z[0m [33m WARN[0m [2mnullspace_simulator[0m[2m:[0m Failed to broadcast seed update (no subscribers): channel closed
[2m2025-12-11T21:59:29.140588Z[0m [33m WARN[0m [2mnullspace_simulator[0m[2m:[0m Failed to broadcast events update (no subscribers): channel closed
[2m2025-12-11T21:59:53.467196Z[0m [32m INFO[0m [2mnullspace_simulator[0m[2m:[0m Updates WebSocket connected, filter: 00
[2m2025-12-11T21:59:53.467264Z[0m [32m INFO[0m [2mnullspace_simulator[0m[2m:[0m UpdatesFilter parsed successfully: All
[2m2025-12-11T21:59:53.522029Z[0m [32m INFO[0m [2mnullspace_simulator[0m[2m:[0m Sending update to WebSocket client
[2m2025-12-11T21:59:53.674447Z[0m [32m INFO[0m [2mnullspace_simulator[0m[2m:[0m Sending update to WebSocket client
[2m2025-12-11T21:59:53.687564Z[0m [32m INFO[0m [2mnullspace_simulator[0m[2m:[0m Sending update to WebSocket client
[2m2025-12-11T21:59:54.019362Z[0m [32m INFO[0m [2mnullspace_simulator[0m[2m:[0m Sending update to WebSocket client
[2m2025-12-11T21:59:54.021214Z[0m [32m INFO[0m [2mnullspace_simulator[0m[2m:[0m Sending update to WebSocket client
[2m2025-12-11T21:59:54.531035Z[0m [32m INFO[0m [2mnullspace_simulator[0m[2m:[0m Sending update to WebSocket client
[2m2025-12-11T21:59:54.533901Z[0m [32m INFO[0m [2mnullspace_simulator[0m[2m:[0m Sending update to WebSocket client
[2m2025-12-11T21:59:55.064094Z[0m [32m INFO[0m [2mnullspace_simulator[0m[2m:[0m Sending update to WebSocket client
[2m2025-12-11T21:59:55.066078Z[0m [32m INFO[0m [2mnullspace_simulator[0m[2m:[0m Sending update to WebSocket client
[2m2025-12-11T21:59:55.478703Z[0m [32m INFO[0m [2mnullspace_simulator[0m[2m:[0m Sending update to WebSocket client
[2m2025-12-11T21:59:55.481742Z[0m [32m INFO[0m [2mnullspace_simulator[0m[2m:[0m Sending update to WebSocket client
[2m2025-12-11T21:59:55.629154Z[0m [32m INFO[0m [2mnullspace_simulator[0m[2m:[0m Sending update to WebSocket client
[2m2025-12-11T21:59:55.634718Z[0m [32m INFO[0m [2mnullspace_simulator[0m[2m:[0m Sending update to WebSocket client
[2m2025-12-11T21:59:56.053569Z[0m [32m INFO[0m [2mnullspace_simulator[0m[2m:[0m Sending update to WebSocket client
[2m2025-12-11T21:59:56.056329Z[0m [32m INFO[0m [2mnullspace_simulator[0m[2m:[0m Sending update to WebSocket client
[2m2025-12-11T21:59:56.572560Z[0m [32m INFO[0m [2mnullspace_simulator[0m[2m:[0m Sending update to WebSocket client
[2m2025-12-11T21:59:56.574545Z[0m [32m INFO[0m [2mnullspace_simulator[0m[2m:[0m Sending update to WebSocket client
[2m2025-12-11T21:59:56.995550Z[0m [32m INFO[0m [2mnullspace_simulator[0m[2m:[0m Sending update to WebSocket client
[2m2025-12-11T21:59:56.996973Z[0m [32m INFO[0m [2mnullspace_simulator[0m[2m:[0m Sending update to WebSocket client
[2m2025-12-11T21:59:57.542606Z[0m [32m INFO[0m [2mnullspace_simulator[0m[2m:[0m Sending update to WebSocket client
[2m2025-12-11T21:59:57.546191Z[0m [32m INFO[0m [2mnullspace_simulator[0m[2m:[0m Sending update to WebSocket client
[2m2025-12-11T21:59:58.075656Z[0m [32m INFO[0m [2mnullspace_simulator[0m[2m:[0m Sending update to WebSocket client
[2m2025-12-11T21:59:58.077947Z[0m [32m INFO[0m [2mnullspace_simulator[0m[2m:[0m Sending update to WebSocket client
[2m2025-12-11T21:59:58.512773Z[0m [32m INFO[0m [2mnullspace_simulator[0m[2m:[0m Sending update to WebSocket client
[2m2025-12-11T21:59:58.515709Z[0m [32m INFO[0m [2mnullspace_simulator[0m[2m:[0m Sending update to WebSocket client
[2m2025-12-11T21:59:59.076969Z[0m [32m INFO[0m [2mnullspace_simulator[0m[2m:[0m Sending update to WebSocket client
[2m2025-12-11T21:59:59.079682Z[0m [32m INFO[0m [2mnullspace_simulator[0m[2m:[0m Sending update to WebSocket client
[2m2025-12-11T21:59:59.494437Z[0m [32m INFO[0m [2mnullspace_simulator[0m[2m:[0m Sending update to WebSocket client
[2m2025-12-11T21:59:59.496613Z[0m [32m INFO[0m [2mnullspace_simulator[0m[2m:[0m Sending update to WebSocket client
[2m2025-12-11T21:59:59.606526Z[0m [32m INFO[0m [2mnullspace_simulator[0m[2m:[0m Sending update to WebSocket client
[2m2025-12-11T21:59:59.608585Z[0m [32m INFO[0m [2mnullspace_simulator[0m[2m:[0m Sending update to WebSocket client
[2m2025-12-11T22:00:00.050671Z[0m [32m INFO[0m [2mnullspace_simulator[0m[2m:[0m Sending update to WebSocket client
[2m2025-12-11T22:00:00.052789Z[0m [32m INFO[0m [2mnullspace_simulator[0m[2m:[0m Sending update to WebSocket client
[2m2025-12-11T22:00:00.486381Z[0m [32m INFO[0m [2mnullspace_simulator[0m[2m:[0m Sending update to WebSocket client
[2m2025-12-11T22:00:00.488393Z[0m [32m INFO[0m [2mnullspace_simulator[0m[2m:[0m Sending update to WebSocket client
[2m2025-12-11T22:00:00.996648Z[0m [32m INFO[0m [2mnullspace_simulator[0m[2m:[0m Sending update to WebSocket client
[2m2025-12-11T22:00:00.998204Z[0m [32m INFO[0m [2mnullspace_simulator[0m[2m:[0m Sending update to WebSocket client
[2m2025-12-11T22:00:01.545218Z[0m [32m INFO[0m [2mnullspace_simulator[0m[2m:[0m Sending update to WebSocket client
[2m2025-12-11T22:00:01.547534Z[0m [32m INFO[0m [2mnullspace_simulator[0m[2m:[0m Sending update to WebSocket client
[2m2025-12-11T22:00:02.075147Z[0m [32m INFO[0m [2mnullspace_simulator[0m[2m:[0m Sending update to WebSocket client
[2m2025-12-11T22:00:02.079233Z[0m [32m INFO[0m [2mnullspace_simulator[0m[2m:[0m Sending update to WebSocket client
[2m2025-12-11T22:00:02.516791Z[0m [32m INFO[0m [2mnullspace_simulator[0m[2m:[0m Sending update to WebSocket client
[2m2025-12-11T22:00:02.521396Z[0m [32m INFO[0m [2mnullspace_simulator[0m[2m:[0m Sending update to WebSocket client
[2m2025-12-11T22:00:03.045298Z[0m [32m INFO[0m [2mnullspace_simulator[0m[2m:[0m Sending update to WebSocket client
[2m2025-12-11T22:00:03.048120Z[0m [32m INFO[0m [2mnullspace_simulator[0m[2m:[0m Sending update to WebSocket client
[2m2025-12-11T22:00:03.566929Z[0m [32m INFO[0m [2mnullspace_simulator[0m[2m:[0m Sending update to WebSocket client
[2m2025-12-11T22:00:03.573238Z[0m [32m INFO[0m [2mnullspace_simulator[0m[2m:[0m Sending update to WebSocket client
[2m2025-12-11T22:00:03.997607Z[0m [32m INFO[0m [2mnullspace_simulator[0m[2m:[0m Sending update to WebSocket client
[2m2025-12-11T22:00:03.999147Z[0m [32m INFO[0m [2mnullspace_simulator[0m[2m:[0m Sending update to WebSocket client
[2m2025-12-11T22:00:04.507337Z[0m [32m INFO[0m [2mnullspace_simulator[0m[2m:[0m Sending update to WebSocket client
[2m2025-12-11T22:00:04.509257Z[0m [32m INFO[0m [2mnullspace_simulator[0m[2m:[0m Sending update to WebSocket client
[2m2025-12-11T22:00:05.027942Z[0m [32m INFO[0m [2mnullspace_simulator[0m[2m:[0m Sending update to WebSocket client
[2m2025-12-11T22:00:05.029347Z[0m [32m INFO[0m [2mnullspace_simulator[0m[2m:[0m Sending update to WebSocket client
[2m2025-12-11T22:00:05.552379Z[0m [32m INFO[0m [2mnullspace_simulator[0m[2m:[0m Sending update to WebSocket client
[2m2025-12-11T22:00:05.555622Z[0m [32m INFO[0m [2mnullspace_simulator[0m[2m:[0m Sending update to WebSocket client
[2m2025-12-11T22:00:06.075386Z[0m [32m INFO[0m [2mnullspace_simulator[0m[2m:[0m Sending update to WebSocket client
[2m2025-12-11T22:00:06.077642Z[0m [32m INFO[0m [2mnullspace_simulator[0m[2m:[0m Sending update to WebSocket client
[2m2025-12-11T22:00:06.496036Z[0m [32m INFO[0m [2mnullspace_simulator[0m[2m:[0m Sending update to WebSocket client
[2m2025-12-11T22:00:06.498916Z[0m [32m INFO[0m [2mnullspace_simulator[0m[2m:[0m Sending update to WebSocket client
[2m2025-12-11T22:00:07.018983Z[0m [32m INFO[0m [2mnullspace_simulator[0m[2m:[0m Sending update to WebSocket client
[2m2025-12-11T22:00:07.021497Z[0m [32m INFO[0m [2mnullspace_simulator[0m[2m:[0m Sending update to WebSocket client
[2m2025-12-11T22:00:07.537578Z[0m [32m INFO[0m [2mnullspace_simulator[0m[2m:[0m Sending update to WebSocket client
[2m2025-12-11T22:00:07.539703Z[0m [32m INFO[0m [2mnullspace_simulator[0m[2m:[0m Sending update to WebSocket client
[2m2025-12-11T22:00:08.064472Z[0m [32m INFO[0m [2mnullspace_simulator[0m[2m:[0m Sending update to WebSocket client
[2m2025-12-11T22:00:08.066401Z[0m [32m INFO[0m [2mnullspace_simulator[0m[2m:[0m Sending update to WebSocket client
[2m2025-12-11T22:00:08.584050Z[0m [32m INFO[0m [2mnullspace_simulator[0m[2m:[0m Sending update to WebSocket client
[2m2025-12-11T22:00:08.587700Z[0m [32m INFO[0m [2mnullspace_simulator[0m[2m:[0m Sending update to WebSocket client
[2m2025-12-11T22:00:09.009534Z[0m [32m INFO[0m [2mnullspace_simulator[0m[2m:[0m Sending update to WebSocket client
[2m2025-12-11T22:00:09.011271Z[0m [32m INFO[0m [2mnullspace_simulator[0m[2m:[0m Sending update to WebSocket client
[2m2025-12-11T22:00:09.549284Z[0m [32m INFO[0m [2mnullspace_simulator[0m[2m:[0m Sending update to WebSocket client
[2m2025-12-11T22:00:09.552176Z[0m [32m INFO[0m [2mnullspace_simulator[0m[2m:[0m Sending update to WebSocket client
[2m2025-12-11T22:00:10.065775Z[0m [32m INFO[0m [2mnullspace_simulator[0m[2m:[0m Sending update to WebSocket client
[2m2025-12-11T22:00:10.068390Z[0m [32m INFO[0m [2mnullspace_simulator[0m[2m:[0m Sending update to WebSocket client
[2m2025-12-11T22:00:10.497169Z[0m [32m INFO[0m [2mnullspace_simulator[0m[2m:[0m Sending update to WebSocket client
[2m2025-12-11T22:00:10.500016Z[0m [32m INFO[0m [2mnullspace_simulator[0m[2m:[0m Sending update to WebSocket client
[2m2025-12-11T22:00:11.029054Z[0m [32m INFO[0m [2mnullspace_simulator[0m[2m:[0m Sending update to WebSocket client
[2m2025-12-11T22:00:11.031853Z[0m [32m INFO[0m [2mnullspace_simulator[0m[2m:[0m Sending update to WebSocket client
[2m2025-12-11T22:00:11.585605Z[0m [32m INFO[0m [2mnullspace_simulator[0m[2m:[0m Sending update to WebSocket client
[2m2025-12-11T22:00:11.587709Z[0m [32m INFO[0m [2mnullspace_simulator[0m[2m:[0m Sending update to WebSocket client
[2m2025-12-11T22:00:11.996813Z[0m [32m INFO[0m [2mnullspace_simulator[0m[2m:[0m Sending update to WebSocket client
[2m2025-12-11T22:00:11.998419Z[0m [32m INFO[0m [2mnullspace_simulator[0m[2m:[0m Sending update to WebSocket client
[2m2025-12-11T22:00:12.518803Z[0m [32m INFO[0m [2mnullspace_simulator[0m[2m:[0m Sending update to WebSocket client
[2m2025-12-11T22:00:12.520334Z[0m [32m INFO[0m [2mnullspace_simulator[0m[2m:[0m Sending update to WebSocket client
[2m2025-12-11T22:00:13.029885Z[0m [32m INFO[0m [2mnullspace_simulator[0m[2m:[0m Sending update to WebSocket client
[2m2025-12-11T22:00:13.031229Z[0m [32m INFO[0m [2mnullspace_simulator[0m[2m:[0m Sending update to WebSocket client
[2m2025-12-11T22:00:13.573595Z[0m [32m INFO[0m [2mnullspace_simulator[0m[2m:[0m Sending update to WebSocket client
[2m2025-12-11T22:00:13.575737Z[0m [32m INFO[0m [2mnullspace_simulator[0m[2m:[0m Sending update to WebSocket client
[2m2025-12-11T22:00:13.987005Z[0m [32m INFO[0m [2mnullspace_simulator[0m[2m:[0m Sending update to WebSocket client
[2m2025-12-11T22:00:13.988293Z[0m [32m INFO[0m [2mnullspace_simulator[0m[2m:[0m Sending update to WebSocket client
[2m2025-12-11T22:00:14.504439Z[0m [32m INFO[0m [2mnullspace_simulator[0m[2m:[0m Sending update to WebSocket client
[2m2025-12-11T22:00:14.506155Z[0m [32m INFO[0m [2mnullspace_simulator[0m[2m:[0m Sending update to WebSocket client
[2m2025-12-11T22:00:15.017087Z[0m [32m INFO[0m [2mnullspace_simulator[0m[2m:[0m Sending update to WebSocket client
[2m2025-12-11T22:00:15.019964Z[0m [32m INFO[0m [2mnullspace_simulator[0m[2m:[0m Sending update to WebSocket client
[2m2025-12-11T22:00:15.561577Z[0m [32m INFO[0m [2mnullspace_simulator[0m[2m:[0m Sending update to WebSocket client
[2m2025-12-11T22:00:15.564499Z[0m [32m INFO[0m [2mnullspace_simulator[0m[2m:[0m Sending update to WebSocket client
[2m2025-12-11T22:00:16.087893Z[0m [32m INFO[0m [2mnullspace_simulator[0m[2m:[0m Sending update to WebSocket client
[2m2025-12-11T22:00:16.090741Z[0m [32m INFO[0m [2mnullspace_simulator[0m[2m:[0m Sending update to WebSocket client
[2m2025-12-11T22:00:16.540493Z[0m [32m INFO[0m [2mnullspace_simulator[0m[2m:[0m Sending update to WebSocket client
[2m2025-12-11T22:00:16.542841Z[0m [32m INFO[0m [2mnullspace_simulator[0m[2m:[0m Sending update to WebSocket client
[2m2025-12-11T22:00:17.056780Z[0m [32m INFO[0m [2mnullspace_simulator[0m[2m:[0m Sending update to WebSocket client
[2m2025-12-11T22:00:17.058503Z[0m [32m INFO[0m [2mnullspace_simulator[0m[2m:[0m Sending update to WebSocket client
[2m2025-12-11T22:00:17.486111Z[0m [32m INFO[0m [2mnullspace_simulator[0m[2m:[0m Sending update to WebSocket client
[2m2025-12-11T22:00:17.487625Z[0m [32m INFO[0m [2mnullspace_simulator[0m[2m:[0m Sending update to WebSocket client
[2m2025-12-11T22:00:17.594681Z[0m [32m INFO[0m [2mnullspace_simulator[0m[2m:[0m Sending update to WebSocket client
[2m2025-12-11T22:00:17.595994Z[0m [32m INFO[0m [2mnullspace_simulator[0m[2m:[0m Sending update to WebSocket client
[2m2025-12-11T22:00:18.017150Z[0m [32m INFO[0m [2mnullspace_simulator[0m[2m:[0m Sending update to WebSocket client
[2m2025-12-11T22:00:18.018456Z[0m [32m INFO[0m [2mnullspace_simulator[0m[2m:[0m Sending update to WebSocket client
[2m2025-12-11T22:00:18.561947Z[0m [32m INFO[0m [2mnullspace_simulator[0m[2m:[0m Sending update to WebSocket client
[2m2025-12-11T22:00:18.564194Z[0m [32m INFO[0m [2mnullspace_simulator[0m[2m:[0m Sending update to WebSocket client
[2m2025-12-11T22:00:19.083101Z[0m [32m INFO[0m [2mnullspace_simulator[0m[2m:[0m Sending update to WebSocket client
[2m2025-12-11T22:00:19.084661Z[0m [32m INFO[0m [2mnullspace_simulator[0m[2m:[0m Sending update to WebSocket client
[2m2025-12-11T22:00:19.513341Z[0m [32m INFO[0m [2mnullspace_simulator[0m[2m:[0m Sending update to WebSocket client
[2m2025-12-11T22:00:19.515905Z[0m [32m INFO[0m [2mnullspace_simulator[0m[2m:[0m Sending update to WebSocket client
[2m2025-12-11T22:00:20.077970Z[0m [32m INFO[0m [2mnullspace_simulator[0m[2m:[0m Sending update to WebSocket client
[2m2025-12-11T22:00:20.080806Z[0m [32m INFO[0m [2mnullspace_simulator[0m[2m:[0m Sending update to WebSocket client
[2m2025-12-11T22:00:20.504963Z[0m [32m INFO[0m [2mnullspace_simulator[0m[2m:[0m Sending update to WebSocket client
[2m2025-12-11T22:00:20.506282Z[0m [32m INFO[0m [2mnullspace_simulator[0m[2m:[0m Sending update to WebSocket client
[2m2025-12-11T22:00:21.029062Z[0m [32m INFO[0m [2mnullspace_simulator[0m[2m:[0m Sending update to WebSocket client
[2m2025-12-11T22:00:21.031640Z[0m [32m INFO[0m [2mnullspace_simulator[0m[2m:[0m Sending update to WebSocket client
[2m2025-12-11T22:00:21.475905Z[0m [32m INFO[0m [2mnullspace_simulator[0m[2m:[0m Sending update to WebSocket client
[2m2025-12-11T22:00:21.477587Z[0m [32m INFO[0m [2mnullspace_simulator[0m[2m:[0m Sending update to WebSocket client
[2m2025-12-11T22:00:21.594562Z[0m [32m INFO[0m [2mnullspace_simulator[0m[2m:[0m Sending update to WebSocket client
[2m2025-12-11T22:00:21.596276Z[0m [32m INFO[0m [2mnullspace_simulator[0m[2m:[0m Sending update to WebSocket client
[2m2025-12-11T22:00:22.009153Z[0m [32m INFO[0m [2mnullspace_simulator[0m[2m:[0m Sending update to WebSocket client
[2m2025-12-11T22:00:22.012005Z[0m [32m INFO[0m [2mnullspace_simulator[0m[2m:[0m Sending update to WebSocket client
[2m2025-12-11T22:00:22.532629Z[0m [32m INFO[0m [2mnullspace_simulator[0m[2m:[0m Sending update to WebSocket client
[2m2025-12-11T22:00:22.534029Z[0m [32m INFO[0m [2mnullspace_simulator[0m[2m:[0m Sending update to WebSocket client
[2m2025-12-11T22:00:23.065511Z[0m [32m INFO[0m [2mnullspace_simulator[0m[2m:[0m Sending update to WebSocket client
[2m2025-12-11T22:00:23.068461Z[0m [32m INFO[0m [2mnullspace_simulator[0m[2m:[0m Sending update to WebSocket client
[2m2025-12-11T22:00:23.487402Z[0m [32m INFO[0m [2mnullspace_simulator[0m[2m:[0m Sending update to WebSocket client
[2m2025-12-11T22:00:23.488849Z[0m [32m INFO[0m [2mnullspace_simulator[0m[2m:[0m Sending update to WebSocket client
[2m2025-12-11T22:00:23.599315Z[0m [32m INFO[0m [2mnullspace_simulator[0m[2m:[0m Sending update to WebSocket client
[2m2025-12-11T22:00:23.603546Z[0m [32m INFO[0m [2mnullspace_simulator[0m[2m:[0m Sending update to WebSocket client
[2m2025-12-11T22:00:24.041441Z[0m [32m INFO[0m [2mnullspace_simulator[0m[2m:[0m Sending update to WebSocket client
[2m2025-12-11T22:00:24.043076Z[0m [32m INFO[0m [2mnullspace_simulator[0m[2m:[0m Sending update to WebSocket client
[2m2025-12-11T22:00:24.563776Z[0m [32m INFO[0m [2mnullspace_simulator[0m[2m:[0m Sending update to WebSocket client
[2m2025-12-11T22:00:24.567050Z[0m [32m INFO[0m [2mnullspace_simulator[0m[2m:[0m Sending update to WebSocket client
[2m2025-12-11T22:00:24.985656Z[0m [32m INFO[0m [2mnullspace_simulator[0m[2m:[0m Sending update to WebSocket client
[2m2025-12-11T22:00:24.987236Z[0m [32m INFO[0m [2mnullspace_simulator[0m[2m:[0m Sending update to WebSocket client
[2m2025-12-11T22:00:25.504586Z[0m [32m INFO[0m [2mnullspace_simulator[0m[2m:[0m Sending update to WebSocket client
[2m2025-12-11T22:00:25.506467Z[0m [32m INFO[0m [2mnullspace_simulator[0m[2m:[0m Sending update to WebSocket client
[2m2025-12-11T22:00:26.020078Z[0m [32m INFO[0m [2mnullspace_simulator[0m[2m:[0m Sending update to WebSocket client
[2m2025-12-11T22:00:26.022798Z[0m [32m INFO[0m [2mnullspace_simulator[0m[2m:[0m Sending update to WebSocket client
[2m2025-12-11T22:00:26.547259Z[0m [32m INFO[0m [2mnullspace_simulator[0m[2m:[0m Sending update to WebSocket client
[2m2025-12-11T22:00:26.549675Z[0m [32m INFO[0m [2mnullspace_simulator[0m[2m:[0m Sending update to WebSocket client
[2m2025-12-11T22:00:27.086249Z[0m [32m INFO[0m [2mnullspace_simulator[0m[2m:[0m Sending update to WebSocket client
[2m2025-12-11T22:00:27.088896Z[0m [32m INFO[0m [2mnullspace_simulator[0m[2m:[0m Sending update to WebSocket client
[2m2025-12-11T22:00:27.534855Z[0m [32m INFO[0m [2mnullspace_simulator[0m[2m:[0m Sending update to WebSocket client
[2m2025-12-11T22:00:27.537623Z[0m [32m INFO[0m [2mnullspace_simulator[0m[2m:[0m Sending update to WebSocket client
[2m2025-12-11T22:00:28.053038Z[0m [32m INFO[0m [2mnullspace_simulator[0m[2m:[0m Sending update to WebSocket client
[2m2025-12-11T22:00:28.055905Z[0m [32m INFO[0m [2mnullspace_simulator[0m[2m:[0m Sending update to WebSocket client
[2m2025-12-11T22:00:28.572660Z[0m [32m INFO[0m [2mnullspace_simulator[0m[2m:[0m Sending update to WebSocket client
[2m2025-12-11T22:00:28.575755Z[0m [32m INFO[0m [2mnullspace_simulator[0m[2m:[0m Sending update to WebSocket client
[2m2025-12-11T22:00:29.008716Z[0m [32m INFO[0m [2mnullspace_simulator[0m[2m:[0m Sending update to WebSocket client
[2m2025-12-11T22:00:29.010069Z[0m [32m INFO[0m [2mnullspace_simulator[0m[2m:[0m Sending update to WebSocket client
[2m2025-12-11T22:00:29.538176Z[0m [32m INFO[0m [2mnullspace_simulator[0m[2m:[0m Sending update to WebSocket client
[2m2025-12-11T22:00:29.540715Z[0m [32m INFO[0m [2mnullspace_simulator[0m[2m:[0m Sending update to WebSocket client
[2m2025-12-11T22:00:30.066412Z[0m [32m INFO[0m [2mnullspace_simulator[0m[2m:[0m Sending update to WebSocket client
[2m2025-12-11T22:00:30.069219Z[0m [32m INFO[0m [2mnullspace_simulator[0m[2m:[0m Sending update to WebSocket client
[2m2025-12-11T22:00:30.586387Z[0m [32m INFO[0m [2mnullspace_simulator[0m[2m:[0m Sending update to WebSocket client
[2m2025-12-11T22:00:30.589002Z[0m [32m INFO[0m [2mnullspace_simulator[0m[2m:[0m Sending update to WebSocket client
[2m2025-12-11T22:00:30.997112Z[0m [32m INFO[0m [2mnullspace_simulator[0m[2m:[0m Sending update to WebSocket client
[2m2025-12-11T22:00:30.999825Z[0m [32m INFO[0m [2mnullspace_simulator[0m[2m:[0m Sending update to WebSocket client
[2m2025-12-11T22:00:31.529679Z[0m [32m INFO[0m [2mnullspace_simulator[0m[2m:[0m Sending update to WebSocket client
[2m2025-12-11T22:00:31.533488Z[0m [32m INFO[0m [2mnullspace_simulator[0m[2m:[0m Sending update to WebSocket client
[2m2025-12-11T22:00:32.065886Z[0m [32m INFO[0m [2mnullspace_simulator[0m[2m:[0m Sending update to WebSocket client
[2m2025-12-11T22:00:32.068523Z[0m [32m INFO[0m [2mnullspace_simulator[0m[2m:[0m Sending update to WebSocket client
[2m2025-12-11T22:00:32.488409Z[0m [32m INFO[0m [2mnullspace_simulator[0m[2m:[0m Sending update to WebSocket client
[2m2025-12-11T22:00:32.490173Z[0m [32m INFO[0m [2mnullspace_simulator[0m[2m:[0m Sending update to WebSocket client
[2m2025-12-11T22:00:32.597836Z[0m [32m INFO[0m [2mnullspace_simulator[0m[2m:[0m Sending update to WebSocket client
[2m2025-12-11T22:00:32.600593Z[0m [32m INFO[0m [2mnullspace_simulator[0m[2m:[0m Sending update to WebSocket client
[2m2025-12-11T22:00:33.044081Z[0m [32m INFO[0m [2mnullspace_simulator[0m[2m:[0m Sending update to WebSocket client
[2m2025-12-11T22:00:33.046205Z[0m [32m INFO[0m [2mnullspace_simulator[0m[2m:[0m Sending update to WebSocket client
[2m2025-12-11T22:00:33.576709Z[0m [32m INFO[0m [2mnullspace_simulator[0m[2m:[0m Sending update to WebSocket client
[2m2025-12-11T22:00:33.578658Z[0m [32m INFO[0m [2mnullspace_simulator[0m[2m:[0m Sending update to WebSocket client
[2m2025-12-11T22:00:33.996549Z[0m [32m INFO[0m [2mnullspace_simulator[0m[2m:[0m Sending update to WebSocket client
[2m2025-12-11T22:00:33.998724Z[0m [32m INFO[0m [2mnullspace_simulator[0m[2m:[0m Sending update to WebSocket client
[2m2025-12-11T22:00:34.519138Z[0m [32m INFO[0m [2mnullspace_simulator[0m[2m:[0m Sending update to WebSocket client
[2m2025-12-11T22:00:34.520538Z[0m [32m INFO[0m [2mnullspace_simulator[0m[2m:[0m Sending update to WebSocket client
[2m2025-12-11T22:00:35.038887Z[0m [32m INFO[0m [2mnullspace_simulator[0m[2m:[0m Sending update to WebSocket client
[2m2025-12-11T22:00:35.041433Z[0m [32m INFO[0m [2mnullspace_simulator[0m[2m:[0m Sending update to WebSocket client
[2m2025-12-11T22:00:35.571698Z[0m [32m INFO[0m [2mnullspace_simulator[0m[2m:[0m Sending update to WebSocket client
[2m2025-12-11T22:00:35.573104Z[0m [32m INFO[0m [2mnullspace_simulator[0m[2m:[0m Sending update to WebSocket client
[2m2025-12-11T22:00:36.088519Z[0m [32m INFO[0m [2mnullspace_simulator[0m[2m:[0m Sending update to WebSocket client
[2m2025-12-11T22:00:36.091517Z[0m [32m INFO[0m [2mnullspace_simulator[0m[2m:[0m Sending update to WebSocket client
[2m2025-12-11T22:00:36.508001Z[0m [32m INFO[0m [2mnullspace_simulator[0m[2m:[0m Sending update to WebSocket client
[2m2025-12-11T22:00:36.510954Z[0m [32m INFO[0m [2mnullspace_simulator[0m[2m:[0m Sending update to WebSocket client
[2m2025-12-11T22:00:37.040162Z[0m [32m INFO[0m [2mnullspace_simulator[0m[2m:[0m Sending update to WebSocket client
[2m2025-12-11T22:00:37.042848Z[0m [32m INFO[0m [2mnullspace_simulator[0m[2m:[0m Sending update to WebSocket client
[2m2025-12-11T22:00:37.573391Z[0m [32m INFO[0m [2mnullspace_simulator[0m[2m:[0m Sending update to WebSocket client
[2m2025-12-11T22:00:37.575838Z[0m [32m INFO[0m [2mnullspace_simulator[0m[2m:[0m Sending update to WebSocket client
[2m2025-12-11T22:00:37.995342Z[0m [32m INFO[0m [2mnullspace_simulator[0m[2m:[0m Sending update to WebSocket client
[2m2025-12-11T22:00:37.996898Z[0m [32m INFO[0m [2mnullspace_simulator[0m[2m:[0m Sending update to WebSocket client
[2m2025-12-11T22:00:38.517345Z[0m [32m INFO[0m [2mnullspace_simulator[0m[2m:[0m Sending update to WebSocket client
[2m2025-12-11T22:00:38.520366Z[0m [32m INFO[0m [2mnullspace_simulator[0m[2m:[0m Sending update to WebSocket client
[2m2025-12-11T22:00:39.041759Z[0m [32m INFO[0m [2mnullspace_simulator[0m[2m:[0m Sending update to WebSocket client
[2m2025-12-11T22:00:39.043585Z[0m [32m INFO[0m [2mnullspace_simulator[0m[2m:[0m Sending update to WebSocket client
[2m2025-12-11T22:00:39.560695Z[0m [32m INFO[0m [2mnullspace_simulator[0m[2m:[0m Sending update to WebSocket client
[2m2025-12-11T22:00:39.563678Z[0m [32m INFO[0m [2mnullspace_simulator[0m[2m:[0m Sending update to WebSocket client
[2m2025-12-11T22:00:40.087725Z[0m [32m INFO[0m [2mnullspace_simulator[0m[2m:[0m Sending update to WebSocket client
[2m2025-12-11T22:00:40.091158Z[0m [32m INFO[0m [2mnullspace_simulator[0m[2m:[0m Sending update to WebSocket client
[2m2025-12-11T22:00:40.508525Z[0m [32m INFO[0m [2mnullspace_simulator[0m[2m:[0m Sending update to WebSocket client
[2m2025-12-11T22:00:40.511057Z[0m [32m INFO[0m [2mnullspace_simulator[0m[2m:[0m Sending update to WebSocket client
[2m2025-12-11T22:00:41.042520Z[0m [32m INFO[0m [2mnullspace_simulator[0m[2m:[0m Sending update to WebSocket client
[2m2025-12-11T22:00:41.044593Z[0m [32m INFO[0m [2mnullspace_simulator[0m[2m:[0m Sending update to WebSocket client
[2m2025-12-11T22:00:41.482977Z[0m [32m INFO[0m [2mnullspace_simulator[0m[2m:[0m Sending update to WebSocket client
[2m2025-12-11T22:00:41.484441Z[0m [32m INFO[0m [2mnullspace_simulator[0m[2m:[0m Sending update to WebSocket client
[2m2025-12-11T22:00:41.601299Z[0m [32m INFO[0m [2mnullspace_simulator[0m[2m:[0m Sending update to WebSocket client
[2m2025-12-11T22:00:41.602893Z[0m [32m INFO[0m [2mnullspace_simulator[0m[2m:[0m Sending update to WebSocket client
[2m2025-12-11T22:00:42.030819Z[0m [32m INFO[0m [2mnullspace_simulator[0m[2m:[0m Sending update to WebSocket client
[2m2025-12-11T22:00:42.033476Z[0m [32m INFO[0m [2mnullspace_simulator[0m[2m:[0m Sending update to WebSocket client
[2m2025-12-11T22:00:42.542855Z[0m [32m INFO[0m [2mnullspace_simulator[0m[2m:[0m Sending update to WebSocket client
[2m2025-12-11T22:00:42.545761Z[0m [32m INFO[0m [2mnullspace_simulator[0m[2m:[0m Sending update to WebSocket client
[2m2025-12-11T22:00:43.075120Z[0m [32m INFO[0m [2mnullspace_simulator[0m[2m:[0m Sending update to WebSocket client
[2m2025-12-11T22:00:43.077906Z[0m [32m INFO[0m [2mnullspace_simulator[0m[2m:[0m Sending update to WebSocket client
[2m2025-12-11T22:00:43.490156Z[0m [32m INFO[0m [2mnullspace_simulator[0m[2m:[0m Sending update to WebSocket client
[2m2025-12-11T22:00:43.493319Z[0m [32m INFO[0m [2mnullspace_simulator[0m[2m:[0m Sending update to WebSocket client
[2m2025-12-11T22:00:43.605859Z[0m [32m INFO[0m [2mnullspace_simulator[0m[2m:[0m Sending update to WebSocket client
[2m2025-12-11T22:00:43.608884Z[0m [32m INFO[0m [2mnullspace_simulator[0m[2m:[0m Sending update to WebSocket client
[2m2025-12-11T22:00:44.028885Z[0m [32m INFO[0m [2mnullspace_simulator[0m[2m:[0m Sending update to WebSocket client
[2m2025-12-11T22:00:44.031450Z[0m [32m INFO[0m [2mnullspace_simulator[0m[2m:[0m Sending update to WebSocket client
[2m2025-12-11T22:00:44.581144Z[0m [32m INFO[0m [2mnullspace_simulator[0m[2m:[0m Sending update to WebSocket client
[2m2025-12-11T22:00:44.583315Z[0m [32m INFO[0m [2mnullspace_simulator[0m[2m:[0m Sending update to WebSocket client
[2m2025-12-11T22:00:45.008650Z[0m [32m INFO[0m [2mnullspace_simulator[0m[2m:[0m Sending update to WebSocket client
[2m2025-12-11T22:00:45.011872Z[0m [32m INFO[0m [2mnullspace_simulator[0m[2m:[0m Sending update to WebSocket client
[2m2025-12-11T22:00:45.539529Z[0m [32m INFO[0m [2mnullspace_simulator[0m[2m:[0m Sending update to WebSocket client
[2m2025-12-11T22:00:45.542078Z[0m [32m INFO[0m [2mnullspace_simulator[0m[2m:[0m Sending update to WebSocket client
[2m2025-12-11T22:00:46.062819Z[0m [32m INFO[0m [2mnullspace_simulator[0m[2m:[0m Sending update to WebSocket client
[2m2025-12-11T22:00:46.064291Z[0m [32m INFO[0m [2mnullspace_simulator[0m[2m:[0m Sending update to WebSocket client
[2m2025-12-11T22:00:46.577342Z[0m [32m INFO[0m [2mnullspace_simulator[0m[2m:[0m Sending update to WebSocket client
[2m2025-12-11T22:00:46.580110Z[0m [32m INFO[0m [2mnullspace_simulator[0m[2m:[0m Sending update to WebSocket client
[2m2025-12-11T22:00:47.020088Z[0m [32m INFO[0m [2mnullspace_simulator[0m[2m:[0m Sending update to WebSocket client
[2m2025-12-11T22:00:47.021704Z[0m [32m INFO[0m [2mnullspace_simulator[0m[2m:[0m Sending update to WebSocket client
[2m2025-12-11T22:00:47.544159Z[0m [32m INFO[0m [2mnullspace_simulator[0m[2m:[0m Sending update to WebSocket client
[2m2025-12-11T22:00:47.546637Z[0m [32m INFO[0m [2mnullspace_simulator[0m[2m:[0m Sending update to WebSocket client
[2m2025-12-11T22:00:48.077073Z[0m [32m INFO[0m [2mnullspace_simulator[0m[2m:[0m Sending update to WebSocket client
[2m2025-12-11T22:00:48.079174Z[0m [32m INFO[0m [2mnullspace_simulator[0m[2m:[0m Sending update to WebSocket client
[2m2025-12-11T22:00:48.516755Z[0m [32m INFO[0m [2mnullspace_simulator[0m[2m:[0m Sending update to WebSocket client
[2m2025-12-11T22:00:48.520215Z[0m [32m INFO[0m [2mnullspace_simulator[0m[2m:[0m Sending update to WebSocket client
[2m2025-12-11T22:00:49.055080Z[0m [32m INFO[0m [2mnullspace_simulator[0m[2m:[0m Sending update to WebSocket client
[2m2025-12-11T22:00:49.057647Z[0m [32m INFO[0m [2mnullspace_simulator[0m[2m:[0m Sending update to WebSocket client
[2m2025-12-11T22:00:49.502801Z[0m [32m INFO[0m [2mnullspace_simulator[0m[2m:[0m Sending update to WebSocket client
[2m2025-12-11T22:00:49.504122Z[0m [32m INFO[0m [2mnullspace_simulator[0m[2m:[0m Sending update to WebSocket client
[2m2025-12-11T22:00:50.030909Z[0m [32m INFO[0m [2mnullspace_simulator[0m[2m:[0m Sending update to WebSocket client
[2m2025-12-11T22:00:50.033585Z[0m [32m INFO[0m [2mnullspace_simulator[0m[2m:[0m Sending update to WebSocket client
[2m2025-12-11T22:00:50.559552Z[0m [32m INFO[0m [2mnullspace_simulator[0m[2m:[0m Sending update to WebSocket client
[2m2025-12-11T22:00:50.561023Z[0m [32m INFO[0m [2mnullspace_simulator[0m[2m:[0m Sending update to WebSocket client
[2m2025-12-11T22:00:51.075585Z[0m [32m INFO[0m [2mnullspace_simulator[0m[2m:[0m Sending update to WebSocket client
[2m2025-12-11T22:00:51.077740Z[0m [32m INFO[0m [2mnullspace_simulator[0m[2m:[0m Sending update to WebSocket client
[2m2025-12-11T22:00:51.503940Z[0m [32m INFO[0m [2mnullspace_simulator[0m[2m:[0m Sending update to WebSocket client
[2m2025-12-11T22:00:51.505560Z[0m [32m INFO[0m [2mnullspace_simulator[0m[2m:[0m Sending update to WebSocket client
[2m2025-12-11T22:00:52.018166Z[0m [32m INFO[0m [2mnullspace_simulator[0m[2m:[0m Sending update to WebSocket client
[2m2025-12-11T22:00:52.020477Z[0m [32m INFO[0m [2mnullspace_simulator[0m[2m:[0m Sending update to WebSocket client
[2m2025-12-11T22:00:52.550838Z[0m [32m INFO[0m [2mnullspace_simulator[0m[2m:[0m Sending update to WebSocket client
[2m2025-12-11T22:00:52.552199Z[0m [32m INFO[0m [2mnullspace_simulator[0m[2m:[0m Sending update to WebSocket client
[2m2025-12-11T22:00:52.987732Z[0m [32m INFO[0m [2mnullspace_simulator[0m[2m:[0m Sending update to WebSocket client
[2m2025-12-11T22:00:52.990194Z[0m [32m INFO[0m [2mnullspace_simulator[0m[2m:[0m Sending update to WebSocket client
[2m2025-12-11T22:00:53.528955Z[0m [32m INFO[0m [2mnullspace_simulator[0m[2m:[0m Sending update to WebSocket client
[2m2025-12-11T22:00:53.531422Z[0m [32m INFO[0m [2mnullspace_simulator[0m[2m:[0m Sending update to WebSocket client
[2m2025-12-11T22:00:53.531959Z[0m [33m WARN[0m [2mnullspace_simulator[0m[2m:[0m WebSocket error: Error { inner: Protocol(ResetWithoutClosingHandshake) }
[2m2025-12-11T22:00:53.531987Z[0m [32m INFO[0m [2mnullspace_simulator[0m[2m:[0m Updates WebSocket handler exiting
[2m2025-12-11T22:24:28.916876Z[0m [32m INFO[0m [2mnullspace_simulator[0m[2m:[0m Mempool WebSocket connected
[2m2025-12-11T22:24:39.082904Z[0m [32m INFO[0m [2mnullspace_simulator[0m[2m:[0m Updates WebSocket connected, filter: 00
[2m2025-12-11T22:24:39.082985Z[0m [32m INFO[0m [2mnullspace_simulator[0m[2m:[0m UpdatesFilter parsed successfully: All
[2m2025-12-11T22:24:39.207556Z[0m [32m INFO[0m [2mnullspace_simulator[0m[2m:[0m Sending update to WebSocket client
[2m2025-12-11T22:24:39.294582Z[0m [32m INFO[0m [2mnullspace_simulator[0m[2m:[0m Sending update to WebSocket client
[2m2025-12-11T22:24:39.642287Z[0m [32m INFO[0m [2mnullspace_simulator[0m[2m:[0m Sending update to WebSocket client
[2m2025-12-11T22:24:39.643911Z[0m [32m INFO[0m [2mnullspace_simulator[0m[2m:[0m Sending update to WebSocket client
[2m2025-12-11T22:24:40.155188Z[0m [32m INFO[0m [2mnullspace_simulator[0m[2m:[0m Sending update to WebSocket client
[2m2025-12-11T22:24:40.158015Z[0m [32m INFO[0m [2mnullspace_simulator[0m[2m:[0m Sending update to WebSocket client
[2m2025-12-11T22:24:40.700490Z[0m [32m INFO[0m [2mnullspace_simulator[0m[2m:[0m Sending update to WebSocket client
[2m2025-12-11T22:24:40.703174Z[0m [32m INFO[0m [2mnullspace_simulator[0m[2m:[0m Sending update to WebSocket client
[2m2025-12-11T22:24:41.160435Z[0m [32m INFO[0m [2mnullspace_simulator[0m[2m:[0m Sending update to WebSocket client
[2m2025-12-11T22:24:41.165234Z[0m [32m INFO[0m [2mnullspace_simulator[0m[2m:[0m Sending update to WebSocket client
[2m2025-12-11T22:24:41.702083Z[0m [32m INFO[0m [2mnullspace_simulator[0m[2m:[0m Sending update to WebSocket client
[2m2025-12-11T22:24:41.703853Z[0m [32m INFO[0m [2mnullspace_simulator[0m[2m:[0m Sending update to WebSocket client
[2m2025-12-11T22:24:42.141750Z[0m [32m INFO[0m [2mnullspace_simulator[0m[2m:[0m Sending update to WebSocket client
[2m2025-12-11T22:24:42.143656Z[0m [32m INFO[0m [2mnullspace_simulator[0m[2m:[0m Sending update to WebSocket client
[2m2025-12-11T22:24:42.677018Z[0m [32m INFO[0m [2mnullspace_simulator[0m[2m:[0m Sending update to WebSocket client
[2m2025-12-11T22:24:42.680032Z[0m [32m INFO[0m [2mnullspace_simulator[0m[2m:[0m Sending update to WebSocket client
[2m2025-12-11T22:24:43.115114Z[0m [32m INFO[0m [2mnullspace_simulator[0m[2m:[0m Sending update to WebSocket client
[2m2025-12-11T22:24:43.118847Z[0m [32m INFO[0m [2mnullspace_simulator[0m[2m:[0m Sending update to WebSocket client
[2m2025-12-11T22:24:43.231875Z[0m [32m INFO[0m [2mnullspace_simulator[0m[2m:[0m Sending update to WebSocket client
[2m2025-12-11T22:24:43.237917Z[0m [32m INFO[0m [2mnullspace_simulator[0m[2m:[0m Sending update to WebSocket client
[2m2025-12-11T22:24:43.679817Z[0m [32m INFO[0m [2mnullspace_simulator[0m[2m:[0m Sending update to WebSocket client
[2m2025-12-11T22:24:43.682744Z[0m [32m INFO[0m [2mnullspace_simulator[0m[2m:[0m Sending update to WebSocket client
[2m2025-12-11T22:24:44.110403Z[0m [32m INFO[0m [2mnullspace_simulator[0m[2m:[0m Sending update to WebSocket client
[2m2025-12-11T22:24:44.115723Z[0m [32m INFO[0m [2mnullspace_simulator[0m[2m:[0m Sending update to WebSocket client
[2m2025-12-11T22:24:44.224689Z[0m [32m INFO[0m [2mnullspace_simulator[0m[2m:[0m Sending update to WebSocket client
[2m2025-12-11T22:24:44.227740Z[0m [32m INFO[0m [2mnullspace_simulator[0m[2m:[0m Sending update to WebSocket client
[2m2025-12-11T22:24:44.645823Z[0m [32m INFO[0m [2mnullspace_simulator[0m[2m:[0m Sending update to WebSocket client
[2m2025-12-11T22:24:44.648087Z[0m [32m INFO[0m [2mnullspace_simulator[0m[2m:[0m Sending update to WebSocket client
[2m2025-12-11T22:24:45.189523Z[0m [32m INFO[0m [2mnullspace_simulator[0m[2m:[0m Sending update to WebSocket client
[2m2025-12-11T22:24:45.192532Z[0m [32m INFO[0m [2mnullspace_simulator[0m[2m:[0m Sending update to WebSocket client
[2m2025-12-11T22:24:45.621337Z[0m [32m INFO[0m [2mnullspace_simulator[0m[2m:[0m Sending update to WebSocket client
[2m2025-12-11T22:24:45.622707Z[0m [32m INFO[0m [2mnullspace_simulator[0m[2m:[0m Sending update to WebSocket client
[2m2025-12-11T22:24:46.155841Z[0m [32m INFO[0m [2mnullspace_simulator[0m[2m:[0m Sending update to WebSocket client
[2m2025-12-11T22:24:46.157346Z[0m [32m INFO[0m [2mnullspace_simulator[0m[2m:[0m Sending update to WebSocket client
[2m2025-12-11T22:24:46.687383Z[0m [32m INFO[0m [2mnullspace_simulator[0m[2m:[0m Sending update to WebSocket client
[2m2025-12-11T22:24:46.689556Z[0m [32m INFO[0m [2mnullspace_simulator[0m[2m:[0m Sending update to WebSocket client
[2m2025-12-11T22:24:47.124710Z[0m [32m INFO[0m [2mnullspace_simulator[0m[2m:[0m Sending update to WebSocket client
[2m2025-12-11T22:24:47.127979Z[0m [32m INFO[0m [2mnullspace_simulator[0m[2m:[0m Sending update to WebSocket client
[2m2025-12-11T22:24:47.677992Z[0m [32m INFO[0m [2mnullspace_simulator[0m[2m:[0m Sending update to WebSocket client
[2m2025-12-11T22:24:47.680754Z[0m [32m INFO[0m [2mnullspace_simulator[0m[2m:[0m Sending update to WebSocket client
[2m2025-12-11T22:24:48.194855Z[0m [32m INFO[0m [2mnullspace_simulator[0m[2m:[0m Sending update to WebSocket client
[2m2025-12-11T22:24:48.198064Z[0m [32m INFO[0m [2mnullspace_simulator[0m[2m:[0m Sending update to WebSocket client
[2m2025-12-11T22:24:48.643966Z[0m [32m INFO[0m [2mnullspace_simulator[0m[2m:[0m Sending update to WebSocket client
[2m2025-12-11T22:24:48.645309Z[0m [32m INFO[0m [2mnullspace_simulator[0m[2m:[0m Sending update to WebSocket client
[2m2025-12-11T22:24:49.180874Z[0m [32m INFO[0m [2mnullspace_simulator[0m[2m:[0m Sending update to WebSocket client
[2m2025-12-11T22:24:49.183960Z[0m [32m INFO[0m [2mnullspace_simulator[0m[2m:[0m Sending update to WebSocket client
[2m2025-12-11T22:24:49.702031Z[0m [32m INFO[0m [2mnullspace_simulator[0m[2m:[0m Sending update to WebSocket client
[2m2025-12-11T22:24:49.703944Z[0m [32m INFO[0m [2mnullspace_simulator[0m[2m:[0m Sending update to WebSocket client
[2m2025-12-11T22:24:50.120697Z[0m [32m INFO[0m [2mnullspace_simulator[0m[2m:[0m Sending update to WebSocket client
[2m2025-12-11T22:24:50.122032Z[0m [32m INFO[0m [2mnullspace_simulator[0m[2m:[0m Sending update to WebSocket client
[2m2025-12-11T22:24:50.644195Z[0m [32m INFO[0m [2mnullspace_simulator[0m[2m:[0m Sending update to WebSocket client
[2m2025-12-11T22:24:50.646573Z[0m [32m INFO[0m [2mnullspace_simulator[0m[2m:[0m Sending update to WebSocket client
[2m2025-12-11T22:24:51.170739Z[0m [32m INFO[0m [2mnullspace_simulator[0m[2m:[0m Sending update to WebSocket client
[2m2025-12-11T22:24:51.174274Z[0m [32m INFO[0m [2mnullspace_simulator[0m[2m:[0m Sending update to WebSocket client
[2m2025-12-11T22:24:51.599369Z[0m [32m INFO[0m [2mnullspace_simulator[0m[2m:[0m Sending update to WebSocket client
[2m2025-12-11T22:24:51.601670Z[0m [32m INFO[0m [2mnullspace_simulator[0m[2m:[0m Sending update to WebSocket client
[2m2025-12-11T22:24:52.122926Z[0m [32m INFO[0m [2mnullspace_simulator[0m[2m:[0m Sending update to WebSocket client
[2m2025-12-11T22:24:52.125223Z[0m [32m INFO[0m [2mnullspace_simulator[0m[2m:[0m Sending update to WebSocket client
[2m2025-12-11T22:24:52.643406Z[0m [32m INFO[0m [2mnullspace_simulator[0m[2m:[0m Sending update to WebSocket client
[2m2025-12-11T22:24:52.644709Z[0m [32m INFO[0m [2mnullspace_simulator[0m[2m:[0m Sending update to WebSocket client
[2m2025-12-11T22:24:53.177612Z[0m [32m INFO[0m [2mnullspace_simulator[0m[2m:[0m Sending update to WebSocket client
[2m2025-12-11T22:24:53.180028Z[0m [32m INFO[0m [2mnullspace_simulator[0m[2m:[0m Sending update to WebSocket client
[2m2025-12-11T22:24:53.698213Z[0m [32m INFO[0m [2mnullspace_simulator[0m[2m:[0m Sending update to WebSocket client
[2m2025-12-11T22:24:53.700826Z[0m [32m INFO[0m [2mnullspace_simulator[0m[2m:[0m Sending update to WebSocket client
[2m2025-12-11T22:24:54.133252Z[0m [32m INFO[0m [2mnullspace_simulator[0m[2m:[0m Sending update to WebSocket client
[2m2025-12-11T22:24:54.135950Z[0m [32m INFO[0m [2mnullspace_simulator[0m[2m:[0m Sending update to WebSocket client
[2m2025-12-11T22:24:54.654665Z[0m [32m INFO[0m [2mnullspace_simulator[0m[2m:[0m Sending update to WebSocket client
[2m2025-12-11T22:24:54.657046Z[0m [32m INFO[0m [2mnullspace_simulator[0m[2m:[0m Sending update to WebSocket client
[2m2025-12-11T22:24:55.178566Z[0m [32m INFO[0m [2mnullspace_simulator[0m[2m:[0m Sending update to WebSocket client
[2m2025-12-11T22:24:55.180151Z[0m [32m INFO[0m [2mnullspace_simulator[0m[2m:[0m Sending update to WebSocket client
[2m2025-12-11T22:24:55.600226Z[0m [32m INFO[0m [2mnullspace_simulator[0m[2m:[0m Sending update to WebSocket client
[2m2025-12-11T22:24:55.601904Z[0m [32m INFO[0m [2mnullspace_simulator[0m[2m:[0m Sending update to WebSocket client
[2m2025-12-11T22:24:56.129101Z[0m [32m INFO[0m [2mnullspace_simulator[0m[2m:[0m Sending update to WebSocket client
[2m2025-12-11T22:24:56.130527Z[0m [32m INFO[0m [2mnullspace_simulator[0m[2m:[0m Sending update to WebSocket client
[2m2025-12-11T22:24:56.653482Z[0m [32m INFO[0m [2mnullspace_simulator[0m[2m:[0m Sending update to WebSocket client
[2m2025-12-11T22:24:56.655355Z[0m [32m INFO[0m [2mnullspace_simulator[0m[2m:[0m Sending update to WebSocket client
[2m2025-12-11T22:24:57.187277Z[0m [32m INFO[0m [2mnullspace_simulator[0m[2m:[0m Sending update to WebSocket client
[2m2025-12-11T22:24:57.188888Z[0m [32m INFO[0m [2mnullspace_simulator[0m[2m:[0m Sending update to WebSocket client
[2m2025-12-11T22:24:57.611042Z[0m [32m INFO[0m [2mnullspace_simulator[0m[2m:[0m Sending update to WebSocket client
[2m2025-12-11T22:24:57.613716Z[0m [32m INFO[0m [2mnullspace_simulator[0m[2m:[0m Sending update to WebSocket client
[2m2025-12-11T22:24:58.154612Z[0m [32m INFO[0m [2mnullspace_simulator[0m[2m:[0m Sending update to WebSocket client
[2m2025-12-11T22:24:58.157480Z[0m [32m INFO[0m [2mnullspace_simulator[0m[2m:[0m Sending update to WebSocket client
[2m2025-12-11T22:24:58.688700Z[0m [32m INFO[0m [2mnullspace_simulator[0m[2m:[0m Sending update to WebSocket client
[2m2025-12-11T22:24:58.691542Z[0m [32m INFO[0m [2mnullspace_simulator[0m[2m:[0m Sending update to WebSocket client
[2m2025-12-11T22:24:59.110663Z[0m [32m INFO[0m [2mnullspace_simulator[0m[2m:[0m Sending update to WebSocket client
[2m2025-12-11T22:24:59.112738Z[0m [32m INFO[0m [2mnullspace_simulator[0m[2m:[0m Sending update to WebSocket client
[2m2025-12-11T22:24:59.229346Z[0m [32m INFO[0m [2mnullspace_simulator[0m[2m:[0m Sending update to WebSocket client
[2m2025-12-11T22:24:59.232038Z[0m [32m INFO[0m [2mnullspace_simulator[0m[2m:[0m Sending update to WebSocket client
[2m2025-12-11T22:24:59.645066Z[0m [32m INFO[0m [2mnullspace_simulator[0m[2m:[0m Sending update to WebSocket client
[2m2025-12-11T22:24:59.646778Z[0m [32m INFO[0m [2mnullspace_simulator[0m[2m:[0m Sending update to WebSocket client
[2m2025-12-11T22:25:00.194641Z[0m [32m INFO[0m [2mnullspace_simulator[0m[2m:[0m Sending update to WebSocket client
[2m2025-12-11T22:25:00.197187Z[0m [32m INFO[0m [2mnullspace_simulator[0m[2m:[0m Sending update to WebSocket client
[2m2025-12-11T22:25:00.622761Z[0m [32m INFO[0m [2mnullspace_simulator[0m[2m:[0m Sending update to WebSocket client
[2m2025-12-11T22:25:00.625803Z[0m [32m INFO[0m [2mnullspace_simulator[0m[2m:[0m Sending update to WebSocket client
[2m2025-12-11T22:25:01.164869Z[0m [32m INFO[0m [2mnullspace_simulator[0m[2m:[0m Sending update to WebSocket client
[2m2025-12-11T22:25:01.166921Z[0m [32m INFO[0m [2mnullspace_simulator[0m[2m:[0m Sending update to WebSocket client
[2m2025-12-11T22:25:01.598843Z[0m [32m INFO[0m [2mnullspace_simulator[0m[2m:[0m Sending update to WebSocket client
[2m2025-12-11T22:25:01.600180Z[0m [32m INFO[0m [2mnullspace_simulator[0m[2m:[0m Sending update to WebSocket client
[2m2025-12-11T22:25:02.131882Z[0m [32m INFO[0m [2mnullspace_simulator[0m[2m:[0m Sending update to WebSocket client
[2m2025-12-11T22:25:02.133399Z[0m [32m INFO[0m [2mnullspace_simulator[0m[2m:[0m Sending update to WebSocket client
[2m2025-12-11T22:25:02.667024Z[0m [32m INFO[0m [2mnullspace_simulator[0m[2m:[0m Sending update to WebSocket client
[2m2025-12-11T22:25:02.669808Z[0m [32m INFO[0m [2mnullspace_simulator[0m[2m:[0m Sending update to WebSocket client
[2m2025-12-11T22:25:03.095626Z[0m [32m INFO[0m [2mnullspace_simulator[0m[2m:[0m Sending update to WebSocket client
[2m2025-12-11T22:25:03.097240Z[0m [32m INFO[0m [2mnullspace_simulator[0m[2m:[0m Sending update to WebSocket client
[2m2025-12-11T22:25:03.212058Z[0m [32m INFO[0m [2mnullspace_simulator[0m[2m:[0m Sending update to WebSocket client
[2m2025-12-11T22:25:03.215302Z[0m [32m INFO[0m [2mnullspace_simulator[0m[2m:[0m Sending update to WebSocket client
[2m2025-12-11T22:25:03.643999Z[0m [32m INFO[0m [2mnullspace_simulator[0m[2m:[0m Sending update to WebSocket client
[2m2025-12-11T22:25:03.645376Z[0m [32m INFO[0m [2mnullspace_simulator[0m[2m:[0m Sending update to WebSocket client
[2m2025-12-11T22:25:04.167257Z[0m [32m INFO[0m [2mnullspace_simulator[0m[2m:[0m Sending update to WebSocket client
[2m2025-12-11T22:25:04.170903Z[0m [32m INFO[0m [2mnullspace_simulator[0m[2m:[0m Sending update to WebSocket client
[2m2025-12-11T22:25:04.609685Z[0m [32m INFO[0m [2mnullspace_simulator[0m[2m:[0m Sending update to WebSocket client
[2m2025-12-11T22:25:04.612105Z[0m [32m INFO[0m [2mnullspace_simulator[0m[2m:[0m Sending update to WebSocket client
[2m2025-12-11T22:25:05.155528Z[0m [32m INFO[0m [2mnullspace_simulator[0m[2m:[0m Sending update to WebSocket client
[2m2025-12-11T22:25:05.157077Z[0m [32m INFO[0m [2mnullspace_simulator[0m[2m:[0m Sending update to WebSocket client
[2m2025-12-11T22:25:05.689609Z[0m [32m INFO[0m [2mnullspace_simulator[0m[2m:[0m Sending update to WebSocket client
[2m2025-12-11T22:25:05.692262Z[0m [32m INFO[0m [2mnullspace_simulator[0m[2m:[0m Sending update to WebSocket client
[2m2025-12-11T22:25:06.127747Z[0m [32m INFO[0m [2mnullspace_simulator[0m[2m:[0m Sending update to WebSocket client
[2m2025-12-11T22:25:06.129095Z[0m [32m INFO[0m [2mnullspace_simulator[0m[2m:[0m Sending update to WebSocket client
[2m2025-12-11T22:25:06.655406Z[0m [32m INFO[0m [2mnullspace_simulator[0m[2m:[0m Sending update to WebSocket client
[2m2025-12-11T22:25:06.658180Z[0m [32m INFO[0m [2mnullspace_simulator[0m[2m:[0m Sending update to WebSocket client
[2m2025-12-11T22:25:07.094904Z[0m [32m INFO[0m [2mnullspace_simulator[0m[2m:[0m Sending update to WebSocket client
[2m2025-12-11T22:25:07.096819Z[0m [32m INFO[0m [2mnullspace_simulator[0m[2m:[0m Sending update to WebSocket client
[2m2025-12-11T22:25:07.212367Z[0m [32m INFO[0m [2mnullspace_simulator[0m[2m:[0m Sending update to WebSocket client
[2m2025-12-11T22:25:07.214832Z[0m [32m INFO[0m [2mnullspace_simulator[0m[2m:[0m Sending update to WebSocket client
[2m2025-12-11T22:25:07.634294Z[0m [32m INFO[0m [2mnullspace_simulator[0m[2m:[0m Sending update to WebSocket client
[2m2025-12-11T22:25:07.637854Z[0m [32m INFO[0m [2mnullspace_simulator[0m[2m:[0m Sending update to WebSocket client
[2m2025-12-11T22:25:08.178329Z[0m [32m INFO[0m [2mnullspace_simulator[0m[2m:[0m Sending update to WebSocket client
[2m2025-12-11T22:25:08.181256Z[0m [32m INFO[0m [2mnullspace_simulator[0m[2m:[0m Sending update to WebSocket client
[2m2025-12-11T22:25:08.602223Z[0m [32m INFO[0m [2mnullspace_simulator[0m[2m:[0m Sending update to WebSocket client
[2m2025-12-11T22:25:08.605274Z[0m [32m INFO[0m [2mnullspace_simulator[0m[2m:[0m Sending update to WebSocket client
[2m2025-12-11T22:25:09.133463Z[0m [32m INFO[0m [2mnullspace_simulator[0m[2m:[0m Sending update to WebSocket client
[2m2025-12-11T22:25:09.136498Z[0m [32m INFO[0m [2mnullspace_simulator[0m[2m:[0m Sending update to WebSocket client
[2m2025-12-11T22:25:09.655291Z[0m [32m INFO[0m [2mnullspace_simulator[0m[2m:[0m Sending update to WebSocket client
[2m2025-12-11T22:25:09.656644Z[0m [32m INFO[0m [2mnullspace_simulator[0m[2m:[0m Sending update to WebSocket client
[2m2025-12-11T22:25:10.187568Z[0m [32m INFO[0m [2mnullspace_simulator[0m[2m:[0m Sending update to WebSocket client
[2m2025-12-11T22:25:10.189001Z[0m [32m INFO[0m [2mnullspace_simulator[0m[2m:[0m Sending update to WebSocket client
[2m2025-12-11T22:25:10.612562Z[0m [32m INFO[0m [2mnullspace_simulator[0m[2m:[0m Sending update to WebSocket client
[2m2025-12-11T22:25:10.615349Z[0m [32m INFO[0m [2mnullspace_simulator[0m[2m:[0m Sending update to WebSocket client
[2m2025-12-11T22:25:11.131282Z[0m [32m INFO[0m [2mnullspace_simulator[0m[2m:[0m Sending update to WebSocket client
[2m2025-12-11T22:25:11.132899Z[0m [32m INFO[0m [2mnullspace_simulator[0m[2m:[0m Sending update to WebSocket client
[2m2025-12-11T22:25:11.666179Z[0m [32m INFO[0m [2mnullspace_simulator[0m[2m:[0m Sending update to WebSocket client
[2m2025-12-11T22:25:11.667560Z[0m [32m INFO[0m [2mnullspace_simulator[0m[2m:[0m Sending update to WebSocket client
[2m2025-12-11T22:25:12.186071Z[0m [32m INFO[0m [2mnullspace_simulator[0m[2m:[0m Sending update to WebSocket client
[2m2025-12-11T22:25:12.188989Z[0m [32m INFO[0m [2mnullspace_simulator[0m[2m:[0m Sending update to WebSocket client
[2m2025-12-11T22:25:12.622394Z[0m [32m INFO[0m [2mnullspace_simulator[0m[2m:[0m Sending update to WebSocket client
[2m2025-12-11T22:25:12.624252Z[0m [32m INFO[0m [2mnullspace_simulator[0m[2m:[0m Sending update to WebSocket client
[2m2025-12-11T22:25:13.146191Z[0m [32m INFO[0m [2mnullspace_simulator[0m[2m:[0m Sending update to WebSocket client
[2m2025-12-11T22:25:13.148271Z[0m [32m INFO[0m [2mnullspace_simulator[0m[2m:[0m Sending update to WebSocket client
[2m2025-12-11T22:25:13.154966Z[0m [32m INFO[0m [2mnullspace_simulator[0m[2m:[0m Sending update to WebSocket client
[2m2025-12-11T22:25:13.669364Z[0m [32m INFO[0m [2mnullspace_simulator[0m[2m:[0m Sending update to WebSocket client
[2m2025-12-11T22:25:13.671880Z[0m [32m INFO[0m [2mnullspace_simulator[0m[2m:[0m Sending update to WebSocket client
[2m2025-12-11T22:25:14.098716Z[0m [32m INFO[0m [2mnullspace_simulator[0m[2m:[0m Sending update to WebSocket client
[2m2025-12-11T22:25:14.101157Z[0m [32m INFO[0m [2mnullspace_simulator[0m[2m:[0m Sending update to WebSocket client
[2m2025-12-11T22:25:14.208642Z[0m [32m INFO[0m [2mnullspace_simulator[0m[2m:[0m Sending update to WebSocket client
[2m2025-12-11T22:25:14.210457Z[0m [32m INFO[0m [2mnullspace_simulator[0m[2m:[0m Sending update to WebSocket client
[2m2025-12-11T22:25:14.633391Z[0m [32m INFO[0m [2mnullspace_simulator[0m[2m:[0m Sending update to WebSocket client
[2m2025-12-11T22:25:14.636279Z[0m [32m INFO[0m [2mnullspace_simulator[0m[2m:[0m Sending update to WebSocket client
[2m2025-12-11T22:25:15.168953Z[0m [32m INFO[0m [2mnullspace_simulator[0m[2m:[0m Sending update to WebSocket client
[2m2025-12-11T22:25:15.171025Z[0m [32m INFO[0m [2mnullspace_simulator[0m[2m:[0m Sending update to WebSocket client
[2m2025-12-11T22:25:15.610736Z[0m [32m INFO[0m [2mnullspace_simulator[0m[2m:[0m Sending update to WebSocket client
[2m2025-12-11T22:25:15.613402Z[0m [32m INFO[0m [2mnullspace_simulator[0m[2m:[0m Sending update to WebSocket client
[2m2025-12-11T22:25:16.143054Z[0m [32m INFO[0m [2mnullspace_simulator[0m[2m:[0m Sending update to WebSocket client
[2m2025-12-11T22:25:16.144706Z[0m [32m INFO[0m [2mnullspace_simulator[0m[2m:[0m Sending update to WebSocket client
[2m2025-12-11T22:25:16.665108Z[0m [32m INFO[0m [2mnullspace_simulator[0m[2m:[0m Sending update to WebSocket client
[2m2025-12-11T22:25:16.668637Z[0m [32m INFO[0m [2mnullspace_simulator[0m[2m:[0m Sending update to WebSocket client
[2m2025-12-11T22:25:17.204454Z[0m [32m INFO[0m [2mnullspace_simulator[0m[2m:[0m Sending update to WebSocket client
[2m2025-12-11T22:25:17.207028Z[0m [32m INFO[0m [2mnullspace_simulator[0m[2m:[0m Sending update to WebSocket client
[2m2025-12-11T22:25:17.655230Z[0m [32m INFO[0m [2mnullspace_simulator[0m[2m:[0m Sending update to WebSocket client
[2m2025-12-11T22:25:17.657079Z[0m [32m INFO[0m [2mnullspace_simulator[0m[2m:[0m Sending update to WebSocket client
[2m2025-12-11T22:25:18.195810Z[0m [32m INFO[0m [2mnullspace_simulator[0m[2m:[0m Sending update to WebSocket client
[2m2025-12-11T22:25:18.198780Z[0m [32m INFO[0m [2mnullspace_simulator[0m[2m:[0m Sending update to WebSocket client
[2m2025-12-11T22:25:18.632623Z[0m [32m INFO[0m [2mnullspace_simulator[0m[2m:[0m Sending update to WebSocket client
[2m2025-12-11T22:25:18.634624Z[0m [32m INFO[0m [2mnullspace_simulator[0m[2m:[0m Sending update to WebSocket client
[2m2025-12-11T22:25:19.170009Z[0m [32m INFO[0m [2mnullspace_simulator[0m[2m:[0m Sending update to WebSocket client
[2m2025-12-11T22:25:19.173308Z[0m [32m INFO[0m [2mnullspace_simulator[0m[2m:[0m Sending update to WebSocket client
[2m2025-12-11T22:25:19.692082Z[0m [32m INFO[0m [2mnullspace_simulator[0m[2m:[0m Sending update to WebSocket client
[2m2025-12-11T22:25:19.694200Z[0m [32m INFO[0m [2mnullspace_simulator[0m[2m:[0m Sending update to WebSocket client
[2m2025-12-11T22:25:20.133876Z[0m [32m INFO[0m [2mnullspace_simulator[0m[2m:[0m Sending update to WebSocket client
[2m2025-12-11T22:25:20.136162Z[0m [32m INFO[0m [2mnullspace_simulator[0m[2m:[0m Sending update to WebSocket client
[2m2025-12-11T22:25:20.658114Z[0m [32m INFO[0m [2mnullspace_simulator[0m[2m:[0m Sending update to WebSocket client
[2m2025-12-11T22:25:20.659475Z[0m [32m INFO[0m [2mnullspace_simulator[0m[2m:[0m Sending update to WebSocket client
[2m2025-12-11T22:25:20.660390Z[0m [32m INFO[0m [2mnullspace_simulator[0m[2m:[0m Sending update to WebSocket client
[2m2025-12-11T22:25:21.179380Z[0m [32m INFO[0m [2mnullspace_simulator[0m[2m:[0m Sending update to WebSocket client
[2m2025-12-11T22:25:21.181770Z[0m [32m INFO[0m [2mnullspace_simulator[0m[2m:[0m Sending update to WebSocket client
[2m2025-12-11T22:25:21.599145Z[0m [32m INFO[0m [2mnullspace_simulator[0m[2m:[0m Sending update to WebSocket client
[2m2025-12-11T22:25:21.601067Z[0m [32m INFO[0m [2mnullspace_simulator[0m[2m:[0m Sending update to WebSocket client
[2m2025-12-11T22:25:22.122890Z[0m [32m INFO[0m [2mnullspace_simulator[0m[2m:[0m Sending update to WebSocket client
[2m2025-12-11T22:25:22.125770Z[0m [32m INFO[0m [2mnullspace_simulator[0m[2m:[0m Sending update to WebSocket client
[2m2025-12-11T22:25:22.666265Z[0m [32m INFO[0m [2mnullspace_simulator[0m[2m:[0m Sending update to WebSocket client
[2m2025-12-11T22:25:22.668838Z[0m [32m INFO[0m [2mnullspace_simulator[0m[2m:[0m Sending update to WebSocket client
[2m2025-12-11T22:25:23.193341Z[0m [32m INFO[0m [2mnullspace_simulator[0m[2m:[0m Sending update to WebSocket client
[2m2025-12-11T22:25:23.194749Z[0m [32m INFO[0m [2mnullspace_simulator[0m[2m:[0m Sending update to WebSocket client
[2m2025-12-11T22:25:23.623598Z[0m [32m INFO[0m [2mnullspace_simulator[0m[2m:[0m Sending update to WebSocket client
[2m2025-12-11T22:25:23.627522Z[0m [32m INFO[0m [2mnullspace_simulator[0m[2m:[0m Sending update to WebSocket client
[2m2025-12-11T22:25:24.152901Z[0m [32m INFO[0m [2mnullspace_simulator[0m[2m:[0m Sending update to WebSocket client
[2m2025-12-11T22:25:24.156113Z[0m [32m INFO[0m [2mnullspace_simulator[0m[2m:[0m Sending update to WebSocket client
[2m2025-12-11T22:25:24.666708Z[0m [32m INFO[0m [2mnullspace_simulator[0m[2m:[0m Sending update to WebSocket client
[2m2025-12-11T22:25:24.669474Z[0m [32m INFO[0m [2mnullspace_simulator[0m[2m:[0m Sending update to WebSocket client
[2m2025-12-11T22:25:25.190307Z[0m [32m INFO[0m [2mnullspace_simulator[0m[2m:[0m Sending update to WebSocket client
[2m2025-12-11T22:25:25.192175Z[0m [32m INFO[0m [2mnullspace_simulator[0m[2m:[0m Sending update to WebSocket client
[2m2025-12-11T22:25:25.622743Z[0m [32m INFO[0m [2mnullspace_simulator[0m[2m:[0m Sending update to WebSocket client
[2m2025-12-11T22:25:25.624236Z[0m [32m INFO[0m [2mnullspace_simulator[0m[2m:[0m Sending update to WebSocket client
[2m2025-12-11T22:25:26.143381Z[0m [32m INFO[0m [2mnullspace_simulator[0m[2m:[0m Sending update to WebSocket client
[2m2025-12-11T22:25:26.145733Z[0m [32m INFO[0m [2mnullspace_simulator[0m[2m:[0m Sending update to WebSocket client
[2m2025-12-11T22:25:26.699501Z[0m [32m INFO[0m [2mnullspace_simulator[0m[2m:[0m Sending update to WebSocket client
[2m2025-12-11T22:25:26.702148Z[0m [32m INFO[0m [2mnullspace_simulator[0m[2m:[0m Sending update to WebSocket client
[2m2025-12-11T22:25:27.121703Z[0m [32m INFO[0m [2mnullspace_simulator[0m[2m:[0m Sending update to WebSocket client
[2m2025-12-11T22:25:27.124281Z[0m [32m INFO[0m [2mnullspace_simulator[0m[2m:[0m Sending update to WebSocket client
[2m2025-12-11T22:25:27.658512Z[0m [32m INFO[0m [2mnullspace_simulator[0m[2m:[0m Sending update to WebSocket client
[2m2025-12-11T22:25:27.662403Z[0m [32m INFO[0m [2mnullspace_simulator[0m[2m:[0m Sending update to WebSocket client
[2m2025-12-11T22:25:28.177169Z[0m [32m INFO[0m [2mnullspace_simulator[0m[2m:[0m Sending update to WebSocket client
[2m2025-12-11T22:25:28.179668Z[0m [32m INFO[0m [2mnullspace_simulator[0m[2m:[0m Sending update to WebSocket client
[2m2025-12-11T22:25:28.688473Z[0m [32m INFO[0m [2mnullspace_simulator[0m[2m:[0m Sending update to WebSocket client
[2m2025-12-11T22:25:28.690904Z[0m [32m INFO[0m [2mnullspace_simulator[0m[2m:[0m Sending update to WebSocket client
[2m2025-12-11T22:25:29.123178Z[0m [32m INFO[0m [2mnullspace_simulator[0m[2m:[0m Sending update to WebSocket client
[2m2025-12-11T22:25:29.124916Z[0m [32m INFO[0m [2mnullspace_simulator[0m[2m:[0m Sending update to WebSocket client
[2m2025-12-11T22:25:29.657126Z[0m [32m INFO[0m [2mnullspace_simulator[0m[2m:[0m Sending update to WebSocket client
[2m2025-12-11T22:25:29.660831Z[0m [32m INFO[0m [2mnullspace_simulator[0m[2m:[0m Sending update to WebSocket client
[2m2025-12-11T22:25:30.171975Z[0m [32m INFO[0m [2mnullspace_simulator[0m[2m:[0m Sending update to WebSocket client
[2m2025-12-11T22:25:30.175859Z[0m [32m INFO[0m [2mnullspace_simulator[0m[2m:[0m Sending update to WebSocket client
[2m2025-12-11T22:25:30.610507Z[0m [32m INFO[0m [2mnullspace_simulator[0m[2m:[0m Sending update to WebSocket client
[2m2025-12-11T22:25:30.612184Z[0m [32m INFO[0m [2mnullspace_simulator[0m[2m:[0m Sending update to WebSocket client
[2m2025-12-11T22:25:31.144961Z[0m [32m INFO[0m [2mnullspace_simulator[0m[2m:[0m Sending update to WebSocket client
[2m2025-12-11T22:25:31.146510Z[0m [32m INFO[0m [2mnullspace_simulator[0m[2m:[0m Sending update to WebSocket client
[2m2025-12-11T22:25:31.687711Z[0m [32m INFO[0m [2mnullspace_simulator[0m[2m:[0m Sending update to WebSocket client
[2m2025-12-11T22:25:31.690558Z[0m [32m INFO[0m [2mnullspace_simulator[0m[2m:[0m Sending update to WebSocket client
[2m2025-12-11T22:25:32.132191Z[0m [32m INFO[0m [2mnullspace_simulator[0m[2m:[0m Sending update to WebSocket client
[2m2025-12-11T22:25:32.134826Z[0m [32m INFO[0m [2mnullspace_simulator[0m[2m:[0m Sending update to WebSocket client
[2m2025-12-11T22:25:32.676361Z[0m [32m INFO[0m [2mnullspace_simulator[0m[2m:[0m Sending update to WebSocket client
[2m2025-12-11T22:25:32.679126Z[0m [32m INFO[0m [2mnullspace_simulator[0m[2m:[0m Sending update to WebSocket client
[2m2025-12-11T22:25:33.119353Z[0m [32m INFO[0m [2mnullspace_simulator[0m[2m:[0m Sending update to WebSocket client
[2m2025-12-11T22:25:33.120577Z[0m [32m INFO[0m [2mnullspace_simulator[0m[2m:[0m Sending update to WebSocket client
[2m2025-12-11T22:25:33.645671Z[0m [32m INFO[0m [2mnullspace_simulator[0m[2m:[0m Sending update to WebSocket client
[2m2025-12-11T22:25:33.648586Z[0m [32m INFO[0m [2mnullspace_simulator[0m[2m:[0m Sending update to WebSocket client
[2m2025-12-11T22:25:34.183580Z[0m [32m INFO[0m [2mnullspace_simulator[0m[2m:[0m Sending update to WebSocket client
[2m2025-12-11T22:25:34.186603Z[0m [32m INFO[0m [2mnullspace_simulator[0m[2m:[0m Sending update to WebSocket client
[2m2025-12-11T22:25:34.621576Z[0m [32m INFO[0m [2mnullspace_simulator[0m[2m:[0m Sending update to WebSocket client
[2m2025-12-11T22:25:34.624834Z[0m [32m INFO[0m [2mnullspace_simulator[0m[2m:[0m Sending update to WebSocket client
[2m2025-12-11T22:25:35.144212Z[0m [32m INFO[0m [2mnullspace_simulator[0m[2m:[0m Sending update to WebSocket client
[2m2025-12-11T22:25:35.148055Z[0m [32m INFO[0m [2mnullspace_simulator[0m[2m:[0m Sending update to WebSocket client
[2m2025-12-11T22:25:35.677135Z[0m [32m INFO[0m [2mnullspace_simulator[0m[2m:[0m Sending update to WebSocket client
[2m2025-12-11T22:25:35.679047Z[0m [32m INFO[0m [2mnullspace_simulator[0m[2m:[0m Sending update to WebSocket client
[2m2025-12-11T22:25:36.128284Z[0m [32m INFO[0m [2mnullspace_simulator[0m[2m:[0m Sending update to WebSocket client
[2m2025-12-11T22:25:36.129898Z[0m [32m INFO[0m [2mnullspace_simulator[0m[2m:[0m Sending update to WebSocket client
[2m2025-12-11T22:25:36.667779Z[0m [32m INFO[0m [2mnullspace_simulator[0m[2m:[0m Sending update to WebSocket client
[2m2025-12-11T22:25:36.669477Z[0m [32m INFO[0m [2mnullspace_simulator[0m[2m:[0m Sending update to WebSocket client
[2m2025-12-11T22:25:37.189658Z[0m [32m INFO[0m [2mnullspace_simulator[0m[2m:[0m Sending update to WebSocket client
[2m2025-12-11T22:25:37.191387Z[0m [32m INFO[0m [2mnullspace_simulator[0m[2m:[0m Sending update to WebSocket client
[2m2025-12-11T22:25:37.611284Z[0m [32m INFO[0m [2mnullspace_simulator[0m[2m:[0m Sending update to WebSocket client
[2m2025-12-11T22:25:37.614432Z[0m [32m INFO[0m [2mnullspace_simulator[0m[2m:[0m Sending update to WebSocket client
[2m2025-12-11T22:25:38.142969Z[0m [32m INFO[0m [2mnullspace_simulator[0m[2m:[0m Sending update to WebSocket client
[2m2025-12-11T22:25:38.144876Z[0m [32m INFO[0m [2mnullspace_simulator[0m[2m:[0m Sending update to WebSocket client
[2m2025-12-11T22:25:38.665741Z[0m [32m INFO[0m [2mnullspace_simulator[0m[2m:[0m Sending update to WebSocket client
[2m2025-12-11T22:25:38.667957Z[0m [32m INFO[0m [2mnullspace_simulator[0m[2m:[0m Sending update to WebSocket client
[2m2025-12-11T22:25:39.094991Z[0m [32m INFO[0m [2mnullspace_simulator[0m[2m:[0m Sending update to WebSocket client
[2m2025-12-11T22:25:39.096496Z[0m [32m INFO[0m [2mnullspace_simulator[0m[2m:[0m Sending update to WebSocket client
[2m2025-12-11T22:25:39.097337Z[0m [33m WARN[0m [2mnullspace_simulator[0m[2m:[0m WebSocket error: Error { inner: Protocol(ResetWithoutClosingHandshake) }
[2m2025-12-11T22:25:39.097371Z[0m [32m INFO[0m [2mnullspace_simulator[0m[2m:[0m Updates WebSocket handler exiting
[2m2025-12-11T22:25:39.205926Z[0m [33m WARN[0m [2mnullspace_simulator[0m[2m:[0m Failed to broadcast seed update (no subscribers): channel closed
[2m2025-12-11T22:25:39.207748Z[0m [33m WARN[0m [2mnullspace_simulator[0m[2m:[0m Failed to broadcast events update (no subscribers): channel closed
