   Compiling nullspace-types v0.0.1 (/home/r/Coding/supersociety-battleware/types)
error[E0432]: unresolved imports `crate::Identity`, `crate::NAMESPACE`
 --> types/src/api.rs:3:5
  |
3 |     Identity, NAMESPACE,
  |     ^^^^^^^^  ^^^^^^^^^ no `NAMESPACE` in the root
  |     |
  |     no `Identity` in the root
  |
  = help: consider importing this type alias instead:
          crate::execution::Identity

error[E0603]: trait import `EncodeSize` is private
   --> types/src/token.rs:4:24
    |
4   | use crate::execution::{EncodeSize, Read, Write};
    |                        ^^^^^^^^^^ private trait import
    |
note: the trait import `EncodeSize` is defined here...
   --> types/src/execution.rs:3:27
    |
3   |     varint::UInt, Encode, EncodeSize, Error, FixedSize, RangeCfg, Read, ReadExt, ReadRangeExt,
    |                           ^^^^^^^^^^
note: ...and refers to the trait `EncodeSize` which is defined here
   --> /home/r/.cargo/registry/src/index.crates.io-1949cf8c6b5b557f/commonware-codec-0.0.62/src/lib.rs:210:9
    |
210 | pub use codec::*;
    |         ^^^^^ you could import this directly
help: import `EncodeSize` directly
    |
4   | use crate::execution::{commonware_codec::codec::EncodeSize, Read, Write};
    |                        +++++++++++++++++++++++++

error[E0603]: trait import `Read` is private
   --> types/src/token.rs:4:36
    |
4   | use crate::execution::{EncodeSize, Read, Write};
    |                                    ^^^^ private trait import
    |
note: the trait import `Read` is defined here...
   --> types/src/execution.rs:3:67
    |
3   |     varint::UInt, Encode, EncodeSize, Error, FixedSize, RangeCfg, Read, ReadExt, ReadRangeExt,
    |                                                                   ^^^^
note: ...and refers to the trait `Read` which is defined here
   --> /home/r/.cargo/registry/src/index.crates.io-1949cf8c6b5b557f/commonware-codec-0.0.62/src/lib.rs:210:9
    |
210 | pub use codec::*;
    |         ^^^^^ you could import this directly
help: import `Read` directly
    |
4   | use crate::execution::{EncodeSize, commonware_codec::codec::Read, Write};
    |                                    +++++++++++++++++++++++++

error[E0603]: trait import `Write` is private
   --> types/src/token.rs:4:42
    |
4   | use crate::execution::{EncodeSize, Read, Write};
    |                                          ^^^^^ private trait import
    |
note: the trait import `Write` is defined here...
   --> types/src/execution.rs:4:5
    |
4   |     Write,
    |     ^^^^^
note: ...and refers to the trait `Write` which is defined here
   --> /home/r/.cargo/registry/src/index.crates.io-1949cf8c6b5b557f/commonware-codec-0.0.62/src/lib.rs:210:9
    |
210 | pub use codec::*;
    |         ^^^^^ you could import this directly
help: import `Write` directly
    |
4   | use crate::execution::{EncodeSize, Read, commonware_codec::codec::Write};
    |                                          +++++++++++++++++++++++++

error[E0603]: function `write_string` is private
  --> types/src/token.rs:68:24
   |
68 |         crate::casino::write_string(&self.name, writer);
   |                        ^^^^^^^^^^^^ private function
   |
note: the function `write_string` is defined here
  --> types/src/casino.rs:6:1
   |
6  | fn write_string(s: &str, writer: &mut impl BufMut) {
   | ^^^^^^^^^^^^^^^^^^^^^^^^^^^^^^^^^^^^^^^^^^^^^^^^^^

error[E0603]: function `write_string` is private
  --> types/src/token.rs:69:24
   |
69 |         crate::casino::write_string(&self.symbol, writer);
   |                        ^^^^^^^^^^^^ private function
   |
note: the function `write_string` is defined here
  --> types/src/casino.rs:6:1
   |
6  | fn write_string(s: &str, writer: &mut impl BufMut) {
   | ^^^^^^^^^^^^^^^^^^^^^^^^^^^^^^^^^^^^^^^^^^^^^^^^^^

error[E0603]: function `write_string` is private
  --> types/src/token.rs:74:32
   |
74 |                 crate::casino::write_string(url, writer);
   |                                ^^^^^^^^^^^^ private function
   |
note: the function `write_string` is defined here
  --> types/src/casino.rs:6:1
   |
6  | fn write_string(s: &str, writer: &mut impl BufMut) {
   | ^^^^^^^^^^^^^^^^^^^^^^^^^^^^^^^^^^^^^^^^^^^^^^^^^^

error[E0603]: enum import `Error` is private
   --> types/src/token.rs:87:89
    |
87  |     fn read_cfg(reader: &mut impl Buf, _: &Self::Cfg) -> Result<Self, crate::execution::Error> {
    |                                                                                         ^^^^^ private enum import
    |
note: the enum import `Error` is defined here...
   --> types/src/execution.rs:3:39
    |
3   |     varint::UInt, Encode, EncodeSize, Error, FixedSize, RangeCfg, Read, ReadExt, ReadRangeExt,
    |                                       ^^^^^
note: ...and refers to the enum `Error` which is defined here
   --> /home/r/.cargo/registry/src/index.crates.io-1949cf8c6b5b557f/commonware-codec-0.0.62/src/lib.rs:212:9
    |
212 | pub use error::Error;
    |         ^^^^^^^^^^^^ you could import this directly
help: consider importing this enum instead
    |
87  -     fn read_cfg(reader: &mut impl Buf, _: &Self::Cfg) -> Result<Self, crate::execution::Error> {
87  +     fn read_cfg(reader: &mut impl Buf, _: &Self::Cfg) -> Result<Self, commonware_codec::Error> {
    |
help: import `Error` directly
    |
87  -     fn read_cfg(reader: &mut impl Buf, _: &Self::Cfg) -> Result<Self, crate::execution::Error> {
87  +     fn read_cfg(reader: &mut impl Buf, _: &Self::Cfg) -> Result<Self, commonware_codec::error::Error> {
    |

error[E0603]: function `read_string` is private
  --> types/src/token.rs:88:35
   |
88 |         let name = crate::casino::read_string(reader, 32)?;
   |                                   ^^^^^^^^^^^ private function
   |
note: the function `read_string` is defined here
  --> types/src/casino.rs:13:1
   |
13 | fn read_string(reader: &mut impl Buf, max_len: usize) -> Result<String, Error> {
   | ^^^^^^^^^^^^^^^^^^^^^^^^^^^^^^^^^^^^^^^^^^^^^^^^^^^^^^^^^^^^^^^^^^^^^^^^^^^^^^

error[E0603]: function `read_string` is private
  --> types/src/token.rs:89:37
   |
89 |         let symbol = crate::casino::read_string(reader, 8)?;
   |                                     ^^^^^^^^^^^ private function
   |
note: the function `read_string` is defined here
  --> types/src/casino.rs:13:1
   |
13 | fn read_string(reader: &mut impl Buf, max_len: usize) -> Result<String, Error> {
   | ^^^^^^^^^^^^^^^^^^^^^^^^^^^^^^^^^^^^^^^^^^^^^^^^^^^^^^^^^^^^^^^^^^^^^^^^^^^^^^

error[E0603]: function `read_string` is private
  --> types/src/token.rs:93:33
   |
93 |             Some(crate::casino::read_string(reader, 256)?)
   |                                 ^^^^^^^^^^^ private function
   |
note: the function `read_string` is defined here
  --> types/src/casino.rs:13:1
   |
13 | fn read_string(reader: &mut impl Buf, max_len: usize) -> Result<String, Error> {
   | ^^^^^^^^^^^^^^^^^^^^^^^^^^^^^^^^^^^^^^^^^^^^^^^^^^^^^^^^^^^^^^^^^^^^^^^^^^^^^^

error[E0603]: function `string_encode_size` is private
   --> types/src/token.rs:117:24
    |
117 |         crate::casino::string_encode_size(&self.name) +
    |                        ^^^^^^^^^^^^^^^^^^ private function
    |
note: the function `string_encode_size` is defined here
   --> types/src/casino.rs:27:1
    |
27  | fn string_encode_size(s: &str) -> usize {
    | ^^^^^^^^^^^^^^^^^^^^^^^^^^^^^^^^^^^^^^^

error[E0603]: function `string_encode_size` is private
   --> types/src/token.rs:118:24
    |
118 |         crate::casino::string_encode_size(&self.symbol) +
    |                        ^^^^^^^^^^^^^^^^^^ private function
    |
note: the function `string_encode_size` is defined here
   --> types/src/casino.rs:27:1
    |
27  | fn string_encode_size(s: &str) -> usize {
    | ^^^^^^^^^^^^^^^^^^^^^^^^^^^^^^^^^^^^^^^

error[E0603]: function `string_encode_size` is private
   --> types/src/token.rs:121:55
    |
121 |         self.icon_url.as_ref().map(|s| crate::casino::string_encode_size(s)).unwrap_or(0) +
    |                                                       ^^^^^^^^^^^^^^^^^^ private function
    |
note: the function `string_encode_size` is defined here
   --> types/src/casino.rs:27:1
    |
27  | fn string_encode_size(s: &str) -> usize {
    | ^^^^^^^^^^^^^^^^^^^^^^^^^^^^^^^^^^^^^^^

error[E0603]: enum import `Error` is private
   --> types/src/token.rs:143:89
    |
143 |     fn read_cfg(reader: &mut impl Buf, _: &Self::Cfg) -> Result<Self, crate::execution::Error> {
    |                                                                                         ^^^^^ private enum import
    |
note: the enum import `Error` is defined here...
   --> types/src/execution.rs:3:39
    |
3   |     varint::UInt, Encode, EncodeSize, Error, FixedSize, RangeCfg, Read, ReadExt, ReadRangeExt,
    |                                       ^^^^^
note: ...and refers to the enum `Error` which is defined here
   --> /home/r/.cargo/registry/src/index.crates.io-1949cf8c6b5b557f/commonware-codec-0.0.62/src/lib.rs:212:9
    |
212 | pub use error::Error;
    |         ^^^^^^^^^^^^ you could import this directly
help: consider importing this enum instead
    |
143 -     fn read_cfg(reader: &mut impl Buf, _: &Self::Cfg) -> Result<Self, crate::execution::Error> {
143 +     fn read_cfg(reader: &mut impl Buf, _: &Self::Cfg) -> Result<Self, commonware_codec::Error> {
    |
help: import `Error` directly
    |
143 -     fn read_cfg(reader: &mut impl Buf, _: &Self::Cfg) -> Result<Self, crate::execution::Error> {
143 +     fn read_cfg(reader: &mut impl Buf, _: &Self::Cfg) -> Result<Self, commonware_codec::error::Error> {
    |

error[E0782]: expected a type, found a trait
  --> types/src/token.rs:19:20
   |
19 |     pub authority: PublicKey,
   |                    ^^^^^^^^^
   |
help: you can add the `dyn` keyword if you want a trait object
   |
19 |     pub authority: dyn PublicKey,
   |                    +++

error[E0782]: expected a type, found a trait
  --> types/src/token.rs:43:26
   |
43 |     pub allowances: Vec<(PublicKey, u64)>, 
   |                          ^^^^^^^^^
   |
help: you can add the `dyn` keyword if you want a trait object
   |
43 |     pub allowances: Vec<(dyn PublicKey, u64)>, 
   |                          +++

error[E0223]: ambiguous associated type
  --> types/src/token.rs:87:44
   |
87 |     fn read_cfg(reader: &mut impl Buf, _: &Self::Cfg) -> Result<Self, crate::execution::Error> {
   |                                            ^^^^^^^^^
   |
help: if there were a trait named `Example` with associated type `Cfg` implemented for `TokenMetadata`, you could use the fully-qualified path
   |
87 -     fn read_cfg(reader: &mut impl Buf, _: &Self::Cfg) -> Result<Self, crate::execution::Error> {
87 +     fn read_cfg(reader: &mut impl Buf, _: &<TokenMetadata as Example>::Cfg) -> Result<Self, crate::execution::Error> {
   |

error[E0223]: ambiguous associated type
   --> types/src/token.rs:143:44
    |
143 |     fn read_cfg(reader: &mut impl Buf, _: &Self::Cfg) -> Result<Self, crate::execution::Error> {
    |                                            ^^^^^^^^^
    |
help: if there were a trait named `Example` with associated type `Cfg` implemented for `TokenAccount`, you could use the fully-qualified path
    |
143 -     fn read_cfg(reader: &mut impl Buf, _: &Self::Cfg) -> Result<Self, crate::execution::Error> {
143 +     fn read_cfg(reader: &mut impl Buf, _: &<TokenAccount as Example>::Cfg) -> Result<Self, crate::execution::Error> {
    |

Some errors have detailed explanations: E0223, E0432, E0603, E0782.
For more information about an error, try `rustc --explain E0223`.
error: could not compile `nullspace-types` (lib) due to 19 previous errors
